[2026-03-08T15:45:11.220+0000] {manager.py:469} INFO - Processing files using up to 2 processes at a time 
[2026-03-08T15:45:11.221+0000] {manager.py:470} INFO - Process each file at most once every 30 seconds
[2026-03-08T15:45:11.222+0000] {manager.py:471} INFO - Checking for new files in /opt/airflow/dags every 300 seconds
[2026-03-08T15:45:11.222+0000] {manager.py:738} INFO - Searching for files in /opt/airflow/dags
[2026-03-08T15:45:11.228+0000] {manager.py:741} INFO - There are 0 files in /opt/airflow/dags
[2026-03-08T15:50:11.661+0000] {manager.py:738} INFO - Searching for files in /opt/airflow/dags
[2026-03-08T15:50:11.680+0000] {manager.py:741} INFO - There are 0 files in /opt/airflow/dags
[2026-03-08T15:50:49.087+0000] {manager.py:451} INFO - Exiting gracefully upon receiving signal 15
[2026-03-08T15:50:59.323+0000] {manager.py:469} INFO - Processing files using up to 2 processes at a time 
[2026-03-08T15:50:59.324+0000] {manager.py:470} INFO - Process each file at most once every 30 seconds
[2026-03-08T15:50:59.325+0000] {manager.py:471} INFO - Checking for new files in /opt/airflow/dags every 300 seconds
[2026-03-08T15:50:59.325+0000] {manager.py:738} INFO - Searching for files in /opt/airflow/dags
[2026-03-08T15:50:59.334+0000] {manager.py:741} INFO - There are 1 files in /opt/airflow/dags
[2026-03-08T15:50:59.439+0000] {manager.py:879} INFO - 
================================================================================
DAG File Processing Stats

File Path                             PID  Runtime      # DAGs    # Errors  Last Runtime    Last Run
----------------------------------  -----  ---------  --------  ----------  --------------  ----------
/opt/airflow/dags/bank_pipeline.py    167  0.05s             0           0
================================================================================
[2026-03-08T15:51:29.736+0000] {manager.py:879} INFO - 
================================================================================
DAG File Processing Stats

File Path                           PID    Runtime      # DAGs    # Errors  Last Runtime    Last Run
----------------------------------  -----  ---------  --------  ----------  --------------  -------------------
/opt/airflow/dags/bank_pipeline.py                           1           0  0.45s           2026-03-08T15:50:59
================================================================================
[2026-03-08T15:52:00.501+0000] {manager.py:879} INFO - 
================================================================================
DAG File Processing Stats

File Path                             PID  Runtime      # DAGs    # Errors  Last Runtime    Last Run
----------------------------------  -----  ---------  --------  ----------  --------------  -------------------
/opt/airflow/dags/bank_pipeline.py    177  0.01s             1           0  0.15s           2026-03-08T15:51:30
================================================================================
[2026-03-08T15:52:30.823+0000] {manager.py:879} INFO - 
================================================================================
DAG File Processing Stats

File Path                             PID  Runtime      # DAGs    # Errors  Last Runtime    Last Run
----------------------------------  -----  ---------  --------  ----------  --------------  -------------------
/opt/airflow/dags/bank_pipeline.py    182  0.00s             1           0  0.16s           2026-03-08T15:52:00
================================================================================
[2026-03-08T15:53:01.126+0000] {manager.py:879} INFO - 
================================================================================
DAG File Processing Stats

File Path                             PID  Runtime      # DAGs    # Errors  Last Runtime    Last Run
----------------------------------  -----  ---------  --------  ----------  --------------  -------------------
/opt/airflow/dags/bank_pipeline.py    187  0.00s             1           0  0.14s           2026-03-08T15:52:30
================================================================================
[2026-03-08T15:53:31.507+0000] {manager.py:879} INFO - 
================================================================================
DAG File Processing Stats

File Path                             PID  Runtime      # DAGs    # Errors  Last Runtime    Last Run
----------------------------------  -----  ---------  --------  ----------  --------------  -------------------
/opt/airflow/dags/bank_pipeline.py    192  0.02s             1           0  0.15s           2026-03-08T15:53:01
================================================================================
[2026-03-08T15:54:01.959+0000] {manager.py:879} INFO - 
================================================================================
DAG File Processing Stats

File Path                             PID  Runtime      # DAGs    # Errors  Last Runtime    Last Run
----------------------------------  -----  ---------  --------  ----------  --------------  -------------------
/opt/airflow/dags/bank_pipeline.py    197  0.01s             1           0  0.19s           2026-03-08T15:53:31
================================================================================
[2026-03-08T15:54:32.343+0000] {manager.py:879} INFO - 
================================================================================
DAG File Processing Stats

File Path                             PID  Runtime      # DAGs    # Errors  Last Runtime    Last Run
----------------------------------  -----  ---------  --------  ----------  --------------  -------------------
/opt/airflow/dags/bank_pipeline.py    202  0.01s             1           0  0.18s           2026-03-08T15:54:02
================================================================================
[2026-03-08T15:55:02.729+0000] {manager.py:879} INFO - 
================================================================================
DAG File Processing Stats

File Path                             PID  Runtime      # DAGs    # Errors  Last Runtime    Last Run
----------------------------------  -----  ---------  --------  ----------  --------------  -------------------
/opt/airflow/dags/bank_pipeline.py    207  0.02s             1           0  0.17s           2026-03-08T15:54:32
================================================================================
[2026-03-08T15:55:33.014+0000] {manager.py:879} INFO - 
================================================================================
DAG File Processing Stats

File Path                           PID    Runtime      # DAGs    # Errors  Last Runtime    Last Run
----------------------------------  -----  ---------  --------  ----------  --------------  -------------------
/opt/airflow/dags/bank_pipeline.py                           1           0  0.36s           2026-03-08T15:55:03
================================================================================
[2026-03-08T15:55:59.741+0000] {manager.py:738} INFO - Searching for files in /opt/airflow/dags
[2026-03-08T15:55:59.832+0000] {manager.py:741} INFO - There are 1 files in /opt/airflow/dags
[2026-03-08T15:56:03.994+0000] {manager.py:879} INFO - 
================================================================================
DAG File Processing Stats

File Path                             PID  Runtime      # DAGs    # Errors  Last Runtime    Last Run
----------------------------------  -----  ---------  --------  ----------  --------------  -------------------
/opt/airflow/dags/bank_pipeline.py    217  0.02s             1           0  0.26s           2026-03-08T15:55:33
================================================================================
[2026-03-08T15:56:34.540+0000] {manager.py:879} INFO - 
================================================================================
DAG File Processing Stats

File Path                             PID  Runtime      # DAGs    # Errors  Last Runtime    Last Run
----------------------------------  -----  ---------  --------  ----------  --------------  -------------------
/opt/airflow/dags/bank_pipeline.py    222  0.02s             1           0  0.26s           2026-03-08T15:56:04
================================================================================
[2026-03-08T15:57:05.156+0000] {manager.py:879} INFO - 
================================================================================
DAG File Processing Stats

File Path                             PID  Runtime      # DAGs    # Errors  Last Runtime    Last Run
----------------------------------  -----  ---------  --------  ----------  --------------  -------------------
/opt/airflow/dags/bank_pipeline.py    227  0.01s             1           0  0.33s           2026-03-08T15:56:34
================================================================================
[2026-03-08T15:57:35.814+0000] {manager.py:879} INFO - 
================================================================================
DAG File Processing Stats

File Path                             PID  Runtime      # DAGs    # Errors  Last Runtime    Last Run
----------------------------------  -----  ---------  --------  ----------  --------------  -------------------
/opt/airflow/dags/bank_pipeline.py    232  0.02s             1           0  0.22s           2026-03-08T15:57:05
================================================================================
[2026-03-08T15:58:06.274+0000] {manager.py:879} INFO - 
================================================================================
DAG File Processing Stats

File Path                             PID  Runtime      # DAGs    # Errors  Last Runtime    Last Run
----------------------------------  -----  ---------  --------  ----------  --------------  -------------------
/opt/airflow/dags/bank_pipeline.py    237  0.01s             1           0  0.20s           2026-03-08T15:57:35
================================================================================
[2026-03-08T15:58:36.896+0000] {manager.py:879} INFO - 
================================================================================
DAG File Processing Stats

File Path                             PID  Runtime      # DAGs    # Errors  Last Runtime    Last Run
----------------------------------  -----  ---------  --------  ----------  --------------  -------------------
/opt/airflow/dags/bank_pipeline.py    242  0.00s             1           0  0.25s           2026-03-08T15:58:06
================================================================================
[2026-03-08T15:59:07.308+0000] {manager.py:879} INFO - 
================================================================================
DAG File Processing Stats

File Path                             PID  Runtime      # DAGs    # Errors  Last Runtime    Last Run
----------------------------------  -----  ---------  --------  ----------  --------------  -------------------
/opt/airflow/dags/bank_pipeline.py    247  0.02s             1           0  0.15s           2026-03-08T15:58:37
================================================================================
[2026-03-08T15:59:37.801+0000] {manager.py:879} INFO - 
================================================================================
DAG File Processing Stats

File Path                             PID  Runtime      # DAGs    # Errors  Last Runtime    Last Run
----------------------------------  -----  ---------  --------  ----------  --------------  -------------------
/opt/airflow/dags/bank_pipeline.py    252  0.01s             1           0  0.29s           2026-03-08T15:59:07
================================================================================
[2026-03-08T15:59:42.651+0000] {manager.py:451} INFO - Exiting gracefully upon receiving signal 15
[2026-03-08T15:59:52.975+0000] {manager.py:469} INFO - Processing files using up to 2 processes at a time 
[2026-03-08T15:59:52.976+0000] {manager.py:470} INFO - Process each file at most once every 30 seconds
[2026-03-08T15:59:52.977+0000] {manager.py:471} INFO - Checking for new files in /opt/airflow/dags every 300 seconds
[2026-03-08T15:59:52.977+0000] {manager.py:738} INFO - Searching for files in /opt/airflow/dags
[2026-03-08T15:59:52.996+0000] {manager.py:741} INFO - There are 1 files in /opt/airflow/dags
[2026-03-08T15:59:53.110+0000] {manager.py:879} INFO - 
================================================================================
DAG File Processing Stats

File Path                             PID  Runtime      # DAGs    # Errors  Last Runtime    Last Run
----------------------------------  -----  ---------  --------  ----------  --------------  ----------
/opt/airflow/dags/bank_pipeline.py    166  0.05s             0           0
================================================================================
[2026-03-08T16:00:23.466+0000] {manager.py:879} INFO - 
================================================================================
DAG File Processing Stats

File Path                             PID  Runtime      # DAGs    # Errors  Last Runtime    Last Run
----------------------------------  -----  ---------  --------  ----------  --------------  -------------------
/opt/airflow/dags/bank_pipeline.py    172  0.00s             1           0  0.19s           2026-03-08T15:59:53
================================================================================
[2026-03-08T16:00:54.112+0000] {manager.py:879} INFO - 
================================================================================
DAG File Processing Stats

File Path                             PID  Runtime      # DAGs    # Errors  Last Runtime    Last Run
----------------------------------  -----  ---------  --------  ----------  --------------  -------------------
/opt/airflow/dags/bank_pipeline.py    177  0.02s             1           0  0.36s           2026-03-08T16:00:23
================================================================================
[2026-03-08T16:01:24.771+0000] {manager.py:879} INFO - 
================================================================================
DAG File Processing Stats

File Path                             PID  Runtime      # DAGs    # Errors  Last Runtime    Last Run
----------------------------------  -----  ---------  --------  ----------  --------------  -------------------
/opt/airflow/dags/bank_pipeline.py    182  0.01s             1           0  0.34s           2026-03-08T16:00:54
================================================================================
[2026-03-08T16:01:55.332+0000] {manager.py:879} INFO - 
================================================================================
DAG File Processing Stats

File Path                             PID  Runtime      # DAGs    # Errors  Last Runtime    Last Run
----------------------------------  -----  ---------  --------  ----------  --------------  -------------------
/opt/airflow/dags/bank_pipeline.py    187  0.01s             1           0  0.21s           2026-03-08T16:01:24
================================================================================
[2026-03-08T16:02:25.795+0000] {manager.py:879} INFO - 
================================================================================
DAG File Processing Stats

File Path                             PID  Runtime      # DAGs    # Errors  Last Runtime    Last Run
----------------------------------  -----  ---------  --------  ----------  --------------  -------------------
/opt/airflow/dags/bank_pipeline.py    192  0.01s             1           0  0.22s           2026-03-08T16:01:55
================================================================================
[2026-03-08T16:02:56.433+0000] {manager.py:879} INFO - 
================================================================================
DAG File Processing Stats

File Path                             PID  Runtime      # DAGs    # Errors  Last Runtime    Last Run
----------------------------------  -----  ---------  --------  ----------  --------------  -------------------
/opt/airflow/dags/bank_pipeline.py    197  0.02s             1           0  0.32s           2026-03-08T16:02:26
================================================================================
[2026-03-08T16:03:27.055+0000] {manager.py:879} INFO - 
================================================================================
DAG File Processing Stats

File Path                             PID  Runtime      # DAGs    # Errors  Last Runtime    Last Run
----------------------------------  -----  ---------  --------  ----------  --------------  -------------------
/opt/airflow/dags/bank_pipeline.py    202  0.01s             1           0  0.30s           2026-03-08T16:02:56
================================================================================
[2026-03-08T16:03:57.663+0000] {manager.py:879} INFO - 
================================================================================
DAG File Processing Stats

File Path                             PID  Runtime      # DAGs    # Errors  Last Runtime    Last Run
----------------------------------  -----  ---------  --------  ----------  --------------  -------------------
/opt/airflow/dags/bank_pipeline.py    207  0.02s             1           0  0.32s           2026-03-08T16:03:27
================================================================================
[2026-03-08T16:04:28.309+0000] {manager.py:879} INFO - 
================================================================================
DAG File Processing Stats

File Path                             PID  Runtime      # DAGs    # Errors  Last Runtime    Last Run
----------------------------------  -----  ---------  --------  ----------  --------------  -------------------
/opt/airflow/dags/bank_pipeline.py    212  0.02s             1           0  0.27s           2026-03-08T16:03:57
================================================================================
[2026-03-08T16:04:53.742+0000] {manager.py:738} INFO - Searching for files in /opt/airflow/dags
[2026-03-08T16:04:53.831+0000] {manager.py:741} INFO - There are 1 files in /opt/airflow/dags
[2026-03-08T16:04:58.994+0000] {manager.py:879} INFO - 
================================================================================
DAG File Processing Stats

File Path                             PID  Runtime      # DAGs    # Errors  Last Runtime    Last Run
----------------------------------  -----  ---------  --------  ----------  --------------  -------------------
/opt/airflow/dags/bank_pipeline.py    217  0.01s             1           0  0.25s           2026-03-08T16:04:28
================================================================================
[2026-03-08T16:05:29.534+0000] {manager.py:879} INFO - 
================================================================================
DAG File Processing Stats

File Path                             PID  Runtime      # DAGs    # Errors  Last Runtime    Last Run
----------------------------------  -----  ---------  --------  ----------  --------------  -------------------
/opt/airflow/dags/bank_pipeline.py    222  0.01s             1           0  0.23s           2026-03-08T16:04:59
================================================================================
[2026-03-08T16:06:00.096+0000] {manager.py:879} INFO - 
================================================================================
DAG File Processing Stats

File Path                             PID  Runtime      # DAGs    # Errors  Last Runtime    Last Run
----------------------------------  -----  ---------  --------  ----------  --------------  -------------------
/opt/airflow/dags/bank_pipeline.py    227  0.00s             1           0  0.26s           2026-03-08T16:05:29
================================================================================
[2026-03-08T16:06:30.673+0000] {manager.py:879} INFO - 
================================================================================
DAG File Processing Stats

File Path                             PID  Runtime      # DAGs    # Errors  Last Runtime    Last Run
----------------------------------  -----  ---------  --------  ----------  --------------  -------------------
/opt/airflow/dags/bank_pipeline.py    232  0.02s             1           0  0.17s           2026-03-08T16:06:00
================================================================================
[2026-03-08T16:07:01.025+0000] {manager.py:879} INFO - 
================================================================================
DAG File Processing Stats

File Path                             PID  Runtime      # DAGs    # Errors  Last Runtime    Last Run
----------------------------------  -----  ---------  --------  ----------  --------------  -------------------
/opt/airflow/dags/bank_pipeline.py    237  0.01s             1           0  0.20s           2026-03-08T16:06:30
================================================================================
[2026-03-08T16:07:31.488+0000] {manager.py:879} INFO - 
================================================================================
DAG File Processing Stats

File Path                             PID  Runtime      # DAGs    # Errors  Last Runtime    Last Run
----------------------------------  -----  ---------  --------  ----------  --------------  -------------------
/opt/airflow/dags/bank_pipeline.py    242  0.02s             1           0  0.19s           2026-03-08T16:07:01
================================================================================
[2026-03-08T16:08:01.992+0000] {manager.py:879} INFO - 
================================================================================
DAG File Processing Stats

File Path                             PID  Runtime      # DAGs    # Errors  Last Runtime    Last Run
----------------------------------  -----  ---------  --------  ----------  --------------  -------------------
/opt/airflow/dags/bank_pipeline.py    247  0.00s             1           0  0.23s           2026-03-08T16:07:31
================================================================================
[2026-03-08T16:08:32.590+0000] {manager.py:879} INFO - 
================================================================================
DAG File Processing Stats

File Path                             PID  Runtime      # DAGs    # Errors  Last Runtime    Last Run
----------------------------------  -----  ---------  --------  ----------  --------------  -------------------
/opt/airflow/dags/bank_pipeline.py    252  0.01s             1           0  0.16s           2026-03-08T16:08:02
================================================================================
[2026-03-08T16:09:03.111+0000] {manager.py:879} INFO - 
================================================================================
DAG File Processing Stats

File Path                             PID  Runtime      # DAGs    # Errors  Last Runtime    Last Run
----------------------------------  -----  ---------  --------  ----------  --------------  -------------------
/opt/airflow/dags/bank_pipeline.py    257  0.01s             1           0  0.32s           2026-03-08T16:08:32
================================================================================
[2026-03-08T16:09:33.615+0000] {manager.py:879} INFO - 
================================================================================
DAG File Processing Stats

File Path                             PID  Runtime      # DAGs    # Errors  Last Runtime    Last Run
----------------------------------  -----  ---------  --------  ----------  --------------  -------------------
/opt/airflow/dags/bank_pipeline.py    262  0.02s             1           0  0.18s           2026-03-08T16:09:03
================================================================================
[2026-03-08T16:09:54.013+0000] {manager.py:738} INFO - Searching for files in /opt/airflow/dags
[2026-03-08T16:09:54.110+0000] {manager.py:741} INFO - There are 1 files in /opt/airflow/dags
[2026-03-08T16:10:04.340+0000] {manager.py:879} INFO - 
================================================================================
DAG File Processing Stats

File Path                             PID  Runtime      # DAGs    # Errors  Last Runtime    Last Run
----------------------------------  -----  ---------  --------  ----------  --------------  -------------------
/opt/airflow/dags/bank_pipeline.py    267  0.02s             1           0  0.27s           2026-03-08T16:09:33
================================================================================
[2026-03-08T16:10:34.817+0000] {manager.py:879} INFO - 
================================================================================
DAG File Processing Stats

File Path                             PID  Runtime      # DAGs    # Errors  Last Runtime    Last Run
----------------------------------  -----  ---------  --------  ----------  --------------  -------------------
/opt/airflow/dags/bank_pipeline.py    272  0.00s             1           0  0.18s           2026-03-08T16:10:04
================================================================================
[2026-03-08T16:11:05.395+0000] {manager.py:879} INFO - 
================================================================================
DAG File Processing Stats

File Path                             PID  Runtime      # DAGs    # Errors  Last Runtime    Last Run
----------------------------------  -----  ---------  --------  ----------  --------------  -------------------
/opt/airflow/dags/bank_pipeline.py    277  0.02s             1           0  0.15s           2026-03-08T16:10:34
================================================================================
[2026-03-08T16:11:35.921+0000] {manager.py:879} INFO - 
================================================================================
DAG File Processing Stats

File Path                             PID  Runtime      # DAGs    # Errors  Last Runtime    Last Run
----------------------------------  -----  ---------  --------  ----------  --------------  -------------------
/opt/airflow/dags/bank_pipeline.py    282  0.01s             1           0  0.30s           2026-03-08T16:11:05
================================================================================
[2026-03-08T16:12:06.633+0000] {manager.py:879} INFO - 
================================================================================
DAG File Processing Stats

File Path                             PID  Runtime      # DAGs    # Errors  Last Runtime    Last Run
----------------------------------  -----  ---------  --------  ----------  --------------  -------------------
/opt/airflow/dags/bank_pipeline.py    287  0.01s             1           0  0.25s           2026-03-08T16:11:36
================================================================================
[2026-03-08T16:12:37.161+0000] {manager.py:879} INFO - 
================================================================================
DAG File Processing Stats

File Path                             PID  Runtime      # DAGs    # Errors  Last Runtime    Last Run
----------------------------------  -----  ---------  --------  ----------  --------------  -------------------
/opt/airflow/dags/bank_pipeline.py    292  0.01s             1           0  0.23s           2026-03-08T16:12:06
================================================================================
[2026-03-08T16:13:07.817+0000] {manager.py:879} INFO - 
================================================================================
DAG File Processing Stats

File Path                             PID  Runtime      # DAGs    # Errors  Last Runtime    Last Run
----------------------------------  -----  ---------  --------  ----------  --------------  -------------------
/opt/airflow/dags/bank_pipeline.py    297  0.02s             1           0  0.24s           2026-03-08T16:12:37
================================================================================
[2026-03-08T16:13:38.365+0000] {manager.py:879} INFO - 
================================================================================
DAG File Processing Stats

File Path                             PID  Runtime      # DAGs    # Errors  Last Runtime    Last Run
----------------------------------  -----  ---------  --------  ----------  --------------  -------------------
/opt/airflow/dags/bank_pipeline.py    302  0.02s             1           0  0.19s           2026-03-08T16:13:07
================================================================================
[2026-03-08T16:14:08.890+0000] {manager.py:879} INFO - 
================================================================================
DAG File Processing Stats

File Path                             PID  Runtime      # DAGs    # Errors  Last Runtime    Last Run
----------------------------------  -----  ---------  --------  ----------  --------------  -------------------
/opt/airflow/dags/bank_pipeline.py    307  0.00s             1           0  0.30s           2026-03-08T16:13:38
================================================================================
[2026-03-08T16:14:39.447+0000] {manager.py:879} INFO - 
================================================================================
DAG File Processing Stats

File Path                             PID  Runtime      # DAGs    # Errors  Last Runtime    Last Run
----------------------------------  -----  ---------  --------  ----------  --------------  -------------------
/opt/airflow/dags/bank_pipeline.py    312  0.01s             1           0  0.15s           2026-03-08T16:14:09
================================================================================
[2026-03-08T16:14:54.681+0000] {manager.py:738} INFO - Searching for files in /opt/airflow/dags
[2026-03-08T16:14:54.770+0000] {manager.py:741} INFO - There are 1 files in /opt/airflow/dags
[2026-03-08T16:15:10.104+0000] {manager.py:879} INFO - 
================================================================================
DAG File Processing Stats

File Path                             PID  Runtime      # DAGs    # Errors  Last Runtime    Last Run
----------------------------------  -----  ---------  --------  ----------  --------------  -------------------
/opt/airflow/dags/bank_pipeline.py    317  0.02s             1           0  0.21s           2026-03-08T16:14:39
================================================================================
[2026-03-08T16:15:40.638+0000] {manager.py:879} INFO - 
================================================================================
DAG File Processing Stats

File Path                             PID  Runtime      # DAGs    # Errors  Last Runtime    Last Run
----------------------------------  -----  ---------  --------  ----------  --------------  -------------------
/opt/airflow/dags/bank_pipeline.py    322  0.02s             1           0  0.19s           2026-03-08T16:15:10
================================================================================
[2026-03-08T16:16:11.245+0000] {manager.py:879} INFO - 
================================================================================
DAG File Processing Stats

File Path                             PID  Runtime      # DAGs    # Errors  Last Runtime    Last Run
----------------------------------  -----  ---------  --------  ----------  --------------  -------------------
/opt/airflow/dags/bank_pipeline.py    327  0.01s             1           0  0.22s           2026-03-08T16:15:40
================================================================================
[2026-03-08T16:16:41.771+0000] {manager.py:879} INFO - 
================================================================================
DAG File Processing Stats

File Path                             PID  Runtime      # DAGs    # Errors  Last Runtime    Last Run
----------------------------------  -----  ---------  --------  ----------  --------------  -------------------
/opt/airflow/dags/bank_pipeline.py    332  0.02s             1           0  0.20s           2026-03-08T16:16:11
================================================================================
[2026-03-08T16:17:12.388+0000] {manager.py:879} INFO - 
================================================================================
DAG File Processing Stats

File Path                             PID  Runtime      # DAGs    # Errors  Last Runtime    Last Run
----------------------------------  -----  ---------  --------  ----------  --------------  -------------------
/opt/airflow/dags/bank_pipeline.py    337  0.02s             1           0  0.24s           2026-03-08T16:16:41
================================================================================
[2026-03-08T16:17:42.918+0000] {manager.py:879} INFO - 
================================================================================
DAG File Processing Stats

File Path                             PID  Runtime      # DAGs    # Errors  Last Runtime    Last Run
----------------------------------  -----  ---------  --------  ----------  --------------  -------------------
/opt/airflow/dags/bank_pipeline.py    342  0.01s             1           0  0.27s           2026-03-08T16:17:12
================================================================================
[2026-03-08T16:18:13.574+0000] {manager.py:879} INFO - 
================================================================================
DAG File Processing Stats

File Path                             PID  Runtime      # DAGs    # Errors  Last Runtime    Last Run
----------------------------------  -----  ---------  --------  ----------  --------------  -------------------
/opt/airflow/dags/bank_pipeline.py    347  0.01s             1           0  0.16s           2026-03-08T16:17:43
================================================================================
[2026-03-08T16:18:44.077+0000] {manager.py:879} INFO - 
================================================================================
DAG File Processing Stats

File Path                             PID  Runtime      # DAGs    # Errors  Last Runtime    Last Run
----------------------------------  -----  ---------  --------  ----------  --------------  -------------------
/opt/airflow/dags/bank_pipeline.py    352  0.01s             1           0  0.21s           2026-03-08T16:18:13
================================================================================
[2026-03-08T16:25:36.135+0000] {manager.py:738} INFO - Searching for files in /opt/airflow/dags
[2026-03-08T16:25:36.494+0000] {manager.py:741} INFO - There are 1 files in /opt/airflow/dags
[2026-03-08T16:25:37.191+0000] {manager.py:879} INFO - 
================================================================================
DAG File Processing Stats

File Path                             PID  Runtime      # DAGs    # Errors  Last Runtime    Last Run
----------------------------------  -----  ---------  --------  ----------  --------------  -------------------
/opt/airflow/dags/bank_pipeline.py    358  0.01s             1           0  0.18s           2026-03-08T16:18:44
================================================================================
[2026-03-08T16:26:07.437+0000] {manager.py:879} INFO - 
================================================================================
DAG File Processing Stats

File Path                           PID    Runtime      # DAGs    # Errors  Last Runtime    Last Run
----------------------------------  -----  ---------  --------  ----------  --------------  -------------------
/opt/airflow/dags/bank_pipeline.py                           1           0  0.86s           2026-03-08T16:25:38
================================================================================
[2026-03-08T16:26:37.832+0000] {manager.py:879} INFO - 
================================================================================
DAG File Processing Stats

File Path                           PID    Runtime      # DAGs    # Errors  Last Runtime    Last Run
----------------------------------  -----  ---------  --------  ----------  --------------  -------------------
/opt/airflow/dags/bank_pipeline.py                           1           0  0.16s           2026-03-08T16:26:08
================================================================================
[2026-03-08T16:27:08.339+0000] {manager.py:879} INFO - 
================================================================================
DAG File Processing Stats

File Path                           PID    Runtime      # DAGs    # Errors  Last Runtime    Last Run
----------------------------------  -----  ---------  --------  ----------  --------------  -------------------
/opt/airflow/dags/bank_pipeline.py                           1           0  0.23s           2026-03-08T16:26:39
================================================================================
[2026-03-08T16:27:38.881+0000] {manager.py:879} INFO - 
================================================================================
DAG File Processing Stats

File Path                           PID    Runtime      # DAGs    # Errors  Last Runtime    Last Run
----------------------------------  -----  ---------  --------  ----------  --------------  -------------------
/opt/airflow/dags/bank_pipeline.py                           1           0  0.15s           2026-03-08T16:27:09
================================================================================
[2026-03-08T16:28:09.382+0000] {manager.py:879} INFO - 
================================================================================
DAG File Processing Stats

File Path                           PID    Runtime      # DAGs    # Errors  Last Runtime    Last Run
----------------------------------  -----  ---------  --------  ----------  --------------  -------------------
/opt/airflow/dags/bank_pipeline.py                           1           0  0.52s           2026-03-08T16:27:40
================================================================================
[2026-03-08T16:28:39.421+0000] {manager.py:879} INFO - 
================================================================================
DAG File Processing Stats

File Path                           PID    Runtime      # DAGs    # Errors  Last Runtime    Last Run
----------------------------------  -----  ---------  --------  ----------  --------------  -------------------
/opt/airflow/dags/bank_pipeline.py                           1           0  0.19s           2026-03-08T16:28:11
================================================================================
[2026-03-08T16:29:09.846+0000] {manager.py:879} INFO - 
================================================================================
DAG File Processing Stats

File Path                           PID    Runtime      # DAGs    # Errors  Last Runtime    Last Run
----------------------------------  -----  ---------  --------  ----------  --------------  -------------------
/opt/airflow/dags/bank_pipeline.py                           1           0  0.24s           2026-03-08T16:28:41
================================================================================
[2026-03-08T16:29:40.344+0000] {manager.py:879} INFO - 
================================================================================
DAG File Processing Stats

File Path                           PID    Runtime      # DAGs    # Errors  Last Runtime    Last Run
----------------------------------  -----  ---------  --------  ----------  --------------  -------------------
/opt/airflow/dags/bank_pipeline.py                           1           0  0.18s           2026-03-08T16:29:12
================================================================================
[2026-03-08T16:30:10.767+0000] {manager.py:879} INFO - 
================================================================================
DAG File Processing Stats

File Path                           PID    Runtime      # DAGs    # Errors  Last Runtime    Last Run
----------------------------------  -----  ---------  --------  ----------  --------------  -------------------
/opt/airflow/dags/bank_pipeline.py                           1           0  0.19s           2026-03-08T16:29:42
================================================================================
[2026-03-08T16:30:36.153+0000] {manager.py:738} INFO - Searching for files in /opt/airflow/dags
[2026-03-08T16:30:36.172+0000] {manager.py:741} INFO - There are 1 files in /opt/airflow/dags
[2026-03-08T16:30:41.083+0000] {manager.py:879} INFO - 
================================================================================
DAG File Processing Stats

File Path                           PID    Runtime      # DAGs    # Errors  Last Runtime    Last Run
----------------------------------  -----  ---------  --------  ----------  --------------  -------------------
/opt/airflow/dags/bank_pipeline.py                           1           0  0.16s           2026-03-08T16:30:12
================================================================================
[2026-03-08T16:31:11.609+0000] {manager.py:879} INFO - 
================================================================================
DAG File Processing Stats

File Path                           PID    Runtime      # DAGs    # Errors  Last Runtime    Last Run
----------------------------------  -----  ---------  --------  ----------  --------------  -------------------
/opt/airflow/dags/bank_pipeline.py                           1           0  0.26s           2026-03-08T16:30:43
================================================================================
[2026-03-08T16:31:42.119+0000] {manager.py:879} INFO - 
================================================================================
DAG File Processing Stats

File Path                           PID    Runtime      # DAGs    # Errors  Last Runtime    Last Run
----------------------------------  -----  ---------  --------  ----------  --------------  -------------------
/opt/airflow/dags/bank_pipeline.py                           1           0  0.22s           2026-03-08T16:31:13
================================================================================
[2026-03-08T16:32:12.716+0000] {manager.py:879} INFO - 
================================================================================
DAG File Processing Stats

File Path                           PID    Runtime      # DAGs    # Errors  Last Runtime    Last Run
----------------------------------  -----  ---------  --------  ----------  --------------  -------------------
/opt/airflow/dags/bank_pipeline.py                           1           0  0.18s           2026-03-08T16:31:44
================================================================================
[2026-03-08T16:32:42.963+0000] {manager.py:879} INFO - 
================================================================================
DAG File Processing Stats

File Path                           PID    Runtime      # DAGs    # Errors  Last Runtime    Last Run
----------------------------------  -----  ---------  --------  ----------  --------------  -------------------
/opt/airflow/dags/bank_pipeline.py                           1           0  0.20s           2026-03-08T16:32:14
================================================================================
[2026-03-08T16:33:13.467+0000] {manager.py:879} INFO - 
================================================================================
DAG File Processing Stats

File Path                           PID    Runtime      # DAGs    # Errors  Last Runtime    Last Run
----------------------------------  -----  ---------  --------  ----------  --------------  -------------------
/opt/airflow/dags/bank_pipeline.py                           1           0  0.21s           2026-03-08T16:33:03
================================================================================
[2026-03-08T16:33:38.472+0000] {manager.py:451} INFO - Exiting gracefully upon receiving signal 15
