[2026-03-08T15:50:59.413+0000] {processor.py:161} INFO - Started process (PID=167) to work on /opt/airflow/dags/bank_pipeline.py
[2026-03-08T15:50:59.415+0000] {processor.py:830} INFO - Processing file /opt/airflow/dags/bank_pipeline.py for tasks to queue
[2026-03-08T15:50:59.416+0000] {logging_mixin.py:188} INFO - [2026-03-08T15:50:59.416+0000] {dagbag.py:538} INFO - Filling up the DagBag from /opt/airflow/dags/bank_pipeline.py
[2026-03-08T15:50:59.454+0000] {processor.py:840} INFO - DAG(s) 'bank_pipeline' retrieved from /opt/airflow/dags/bank_pipeline.py
[2026-03-08T15:50:59.735+0000] {logging_mixin.py:188} INFO - [2026-03-08T15:50:59.734+0000] {override.py:1769} INFO - Created Permission View: can delete on DAG:bank_pipeline
[2026-03-08T15:50:59.749+0000] {logging_mixin.py:188} INFO - [2026-03-08T15:50:59.748+0000] {override.py:1769} INFO - Created Permission View: can edit on DAG:bank_pipeline
[2026-03-08T15:50:59.758+0000] {logging_mixin.py:188} INFO - [2026-03-08T15:50:59.757+0000] {override.py:1769} INFO - Created Permission View: can read on DAG:bank_pipeline
[2026-03-08T15:50:59.759+0000] {logging_mixin.py:188} INFO - [2026-03-08T15:50:59.759+0000] {dag.py:3036} INFO - Sync 1 DAGs
[2026-03-08T15:50:59.773+0000] {logging_mixin.py:188} INFO - [2026-03-08T15:50:59.772+0000] {dag.py:3058} INFO - Creating ORM DAG for bank_pipeline
[2026-03-08T15:50:59.789+0000] {logging_mixin.py:188} INFO - [2026-03-08T15:50:59.789+0000] {dag.py:3823} INFO - Setting next_dagrun for bank_pipeline to 2026-03-07 00:00:00+00:00, run_after=2026-03-08 00:00:00+00:00
[2026-03-08T15:50:59.824+0000] {processor.py:183} INFO - Processing /opt/airflow/dags/bank_pipeline.py took 0.415 seconds
[2026-03-08T15:51:30.136+0000] {processor.py:161} INFO - Started process (PID=172) to work on /opt/airflow/dags/bank_pipeline.py
[2026-03-08T15:51:30.138+0000] {processor.py:830} INFO - Processing file /opt/airflow/dags/bank_pipeline.py for tasks to queue
[2026-03-08T15:51:30.139+0000] {logging_mixin.py:188} INFO - [2026-03-08T15:51:30.139+0000] {dagbag.py:538} INFO - Filling up the DagBag from /opt/airflow/dags/bank_pipeline.py
[2026-03-08T15:51:30.160+0000] {processor.py:840} INFO - DAG(s) 'bank_pipeline' retrieved from /opt/airflow/dags/bank_pipeline.py
[2026-03-08T15:51:30.201+0000] {logging_mixin.py:188} INFO - [2026-03-08T15:51:30.201+0000] {dag.py:3036} INFO - Sync 1 DAGs
[2026-03-08T15:51:30.227+0000] {logging_mixin.py:188} INFO - [2026-03-08T15:51:30.227+0000] {dag.py:3823} INFO - Setting next_dagrun for bank_pipeline to 2026-03-07 00:00:00+00:00, run_after=2026-03-08 00:00:00+00:00
[2026-03-08T15:51:30.251+0000] {processor.py:183} INFO - Processing /opt/airflow/dags/bank_pipeline.py took 0.120 seconds
[2026-03-08T15:52:00.525+0000] {processor.py:161} INFO - Started process (PID=177) to work on /opt/airflow/dags/bank_pipeline.py
[2026-03-08T15:52:00.527+0000] {processor.py:830} INFO - Processing file /opt/airflow/dags/bank_pipeline.py for tasks to queue
[2026-03-08T15:52:00.529+0000] {logging_mixin.py:188} INFO - [2026-03-08T15:52:00.528+0000] {dagbag.py:538} INFO - Filling up the DagBag from /opt/airflow/dags/bank_pipeline.py
[2026-03-08T15:52:00.558+0000] {processor.py:840} INFO - DAG(s) 'bank_pipeline' retrieved from /opt/airflow/dags/bank_pipeline.py
[2026-03-08T15:52:00.596+0000] {logging_mixin.py:188} INFO - [2026-03-08T15:52:00.596+0000] {dag.py:3036} INFO - Sync 1 DAGs
[2026-03-08T15:52:00.622+0000] {logging_mixin.py:188} INFO - [2026-03-08T15:52:00.622+0000] {dag.py:3823} INFO - Setting next_dagrun for bank_pipeline to 2026-03-07 00:00:00+00:00, run_after=2026-03-08 00:00:00+00:00
[2026-03-08T15:52:00.645+0000] {processor.py:183} INFO - Processing /opt/airflow/dags/bank_pipeline.py took 0.127 seconds
[2026-03-08T15:52:30.838+0000] {processor.py:161} INFO - Started process (PID=182) to work on /opt/airflow/dags/bank_pipeline.py
[2026-03-08T15:52:30.839+0000] {processor.py:830} INFO - Processing file /opt/airflow/dags/bank_pipeline.py for tasks to queue
[2026-03-08T15:52:30.840+0000] {logging_mixin.py:188} INFO - [2026-03-08T15:52:30.840+0000] {dagbag.py:538} INFO - Filling up the DagBag from /opt/airflow/dags/bank_pipeline.py
[2026-03-08T15:52:30.862+0000] {processor.py:840} INFO - DAG(s) 'bank_pipeline' retrieved from /opt/airflow/dags/bank_pipeline.py
[2026-03-08T15:52:30.897+0000] {logging_mixin.py:188} INFO - [2026-03-08T15:52:30.897+0000] {dag.py:3036} INFO - Sync 1 DAGs
[2026-03-08T15:52:30.924+0000] {logging_mixin.py:188} INFO - [2026-03-08T15:52:30.923+0000] {dag.py:3823} INFO - Setting next_dagrun for bank_pipeline to 2026-03-07 00:00:00+00:00, run_after=2026-03-08 00:00:00+00:00
[2026-03-08T15:52:30.951+0000] {processor.py:183} INFO - Processing /opt/airflow/dags/bank_pipeline.py took 0.116 seconds
[2026-03-08T15:53:01.142+0000] {processor.py:161} INFO - Started process (PID=187) to work on /opt/airflow/dags/bank_pipeline.py
[2026-03-08T15:53:01.143+0000] {processor.py:830} INFO - Processing file /opt/airflow/dags/bank_pipeline.py for tasks to queue
[2026-03-08T15:53:01.144+0000] {logging_mixin.py:188} INFO - [2026-03-08T15:53:01.144+0000] {dagbag.py:538} INFO - Filling up the DagBag from /opt/airflow/dags/bank_pipeline.py
[2026-03-08T15:53:01.168+0000] {processor.py:840} INFO - DAG(s) 'bank_pipeline' retrieved from /opt/airflow/dags/bank_pipeline.py
[2026-03-08T15:53:01.206+0000] {logging_mixin.py:188} INFO - [2026-03-08T15:53:01.206+0000] {dag.py:3036} INFO - Sync 1 DAGs
[2026-03-08T15:53:01.233+0000] {logging_mixin.py:188} INFO - [2026-03-08T15:53:01.232+0000] {dag.py:3823} INFO - Setting next_dagrun for bank_pipeline to 2026-03-07 00:00:00+00:00, run_after=2026-03-08 00:00:00+00:00
[2026-03-08T15:53:01.258+0000] {processor.py:183} INFO - Processing /opt/airflow/dags/bank_pipeline.py took 0.120 seconds
[2026-03-08T15:53:31.537+0000] {processor.py:161} INFO - Started process (PID=192) to work on /opt/airflow/dags/bank_pipeline.py
[2026-03-08T15:53:31.538+0000] {processor.py:830} INFO - Processing file /opt/airflow/dags/bank_pipeline.py for tasks to queue
[2026-03-08T15:53:31.539+0000] {logging_mixin.py:188} INFO - [2026-03-08T15:53:31.539+0000] {dagbag.py:538} INFO - Filling up the DagBag from /opt/airflow/dags/bank_pipeline.py
[2026-03-08T15:53:31.567+0000] {processor.py:840} INFO - DAG(s) 'bank_pipeline' retrieved from /opt/airflow/dags/bank_pipeline.py
[2026-03-08T15:53:31.604+0000] {logging_mixin.py:188} INFO - [2026-03-08T15:53:31.604+0000] {dag.py:3036} INFO - Sync 1 DAGs
[2026-03-08T15:53:31.635+0000] {logging_mixin.py:188} INFO - [2026-03-08T15:53:31.635+0000] {dag.py:3823} INFO - Setting next_dagrun for bank_pipeline to 2026-03-07 00:00:00+00:00, run_after=2026-03-08 00:00:00+00:00
[2026-03-08T15:53:31.665+0000] {processor.py:183} INFO - Processing /opt/airflow/dags/bank_pipeline.py took 0.132 seconds
[2026-03-08T15:54:01.987+0000] {processor.py:161} INFO - Started process (PID=197) to work on /opt/airflow/dags/bank_pipeline.py
[2026-03-08T15:54:01.988+0000] {processor.py:830} INFO - Processing file /opt/airflow/dags/bank_pipeline.py for tasks to queue
[2026-03-08T15:54:01.990+0000] {logging_mixin.py:188} INFO - [2026-03-08T15:54:01.989+0000] {dagbag.py:538} INFO - Filling up the DagBag from /opt/airflow/dags/bank_pipeline.py
[2026-03-08T15:54:02.016+0000] {processor.py:840} INFO - DAG(s) 'bank_pipeline' retrieved from /opt/airflow/dags/bank_pipeline.py
[2026-03-08T15:54:02.053+0000] {logging_mixin.py:188} INFO - [2026-03-08T15:54:02.053+0000] {dag.py:3036} INFO - Sync 1 DAGs
[2026-03-08T15:54:02.079+0000] {logging_mixin.py:188} INFO - [2026-03-08T15:54:02.079+0000] {dag.py:3823} INFO - Setting next_dagrun for bank_pipeline to 2026-03-07 00:00:00+00:00, run_after=2026-03-08 00:00:00+00:00
[2026-03-08T15:54:02.110+0000] {processor.py:183} INFO - Processing /opt/airflow/dags/bank_pipeline.py took 0.129 seconds
[2026-03-08T15:54:32.370+0000] {processor.py:161} INFO - Started process (PID=202) to work on /opt/airflow/dags/bank_pipeline.py
[2026-03-08T15:54:32.371+0000] {processor.py:830} INFO - Processing file /opt/airflow/dags/bank_pipeline.py for tasks to queue
[2026-03-08T15:54:32.373+0000] {logging_mixin.py:188} INFO - [2026-03-08T15:54:32.372+0000] {dagbag.py:538} INFO - Filling up the DagBag from /opt/airflow/dags/bank_pipeline.py
[2026-03-08T15:54:32.396+0000] {processor.py:840} INFO - DAG(s) 'bank_pipeline' retrieved from /opt/airflow/dags/bank_pipeline.py
[2026-03-08T15:54:32.434+0000] {logging_mixin.py:188} INFO - [2026-03-08T15:54:32.433+0000] {dag.py:3036} INFO - Sync 1 DAGs
[2026-03-08T15:54:32.462+0000] {logging_mixin.py:188} INFO - [2026-03-08T15:54:32.461+0000] {dag.py:3823} INFO - Setting next_dagrun for bank_pipeline to 2026-03-07 00:00:00+00:00, run_after=2026-03-08 00:00:00+00:00
[2026-03-08T15:54:32.493+0000] {processor.py:183} INFO - Processing /opt/airflow/dags/bank_pipeline.py took 0.127 seconds
[2026-03-08T15:55:02.808+0000] {processor.py:161} INFO - Started process (PID=207) to work on /opt/airflow/dags/bank_pipeline.py
[2026-03-08T15:55:02.811+0000] {processor.py:830} INFO - Processing file /opt/airflow/dags/bank_pipeline.py for tasks to queue
[2026-03-08T15:55:02.813+0000] {logging_mixin.py:188} INFO - [2026-03-08T15:55:02.813+0000] {dagbag.py:538} INFO - Filling up the DagBag from /opt/airflow/dags/bank_pipeline.py
[2026-03-08T15:55:02.872+0000] {processor.py:840} INFO - DAG(s) 'bank_pipeline' retrieved from /opt/airflow/dags/bank_pipeline.py
[2026-03-08T15:55:02.947+0000] {logging_mixin.py:188} INFO - [2026-03-08T15:55:02.946+0000] {dag.py:3036} INFO - Sync 1 DAGs
[2026-03-08T15:55:03.010+0000] {logging_mixin.py:188} INFO - [2026-03-08T15:55:03.010+0000] {dag.py:3823} INFO - Setting next_dagrun for bank_pipeline to 2026-03-07 00:00:00+00:00, run_after=2026-03-08 00:00:00+00:00
[2026-03-08T15:55:03.049+0000] {processor.py:183} INFO - Processing /opt/airflow/dags/bank_pipeline.py took 0.251 seconds
[2026-03-08T15:55:33.397+0000] {processor.py:161} INFO - Started process (PID=212) to work on /opt/airflow/dags/bank_pipeline.py
[2026-03-08T15:55:33.400+0000] {processor.py:830} INFO - Processing file /opt/airflow/dags/bank_pipeline.py for tasks to queue
[2026-03-08T15:55:33.403+0000] {logging_mixin.py:188} INFO - [2026-03-08T15:55:33.402+0000] {dagbag.py:538} INFO - Filling up the DagBag from /opt/airflow/dags/bank_pipeline.py
[2026-03-08T15:55:33.464+0000] {processor.py:840} INFO - DAG(s) 'bank_pipeline' retrieved from /opt/airflow/dags/bank_pipeline.py
[2026-03-08T15:55:33.522+0000] {logging_mixin.py:188} INFO - [2026-03-08T15:55:33.521+0000] {dag.py:3036} INFO - Sync 1 DAGs
[2026-03-08T15:55:33.549+0000] {logging_mixin.py:188} INFO - [2026-03-08T15:55:33.549+0000] {dag.py:3823} INFO - Setting next_dagrun for bank_pipeline to 2026-03-07 00:00:00+00:00, run_after=2026-03-08 00:00:00+00:00
[2026-03-08T15:55:33.581+0000] {processor.py:183} INFO - Processing /opt/airflow/dags/bank_pipeline.py took 0.193 seconds
[2026-03-08T15:56:04.046+0000] {processor.py:161} INFO - Started process (PID=217) to work on /opt/airflow/dags/bank_pipeline.py
[2026-03-08T15:56:04.048+0000] {processor.py:830} INFO - Processing file /opt/airflow/dags/bank_pipeline.py for tasks to queue
[2026-03-08T15:56:04.051+0000] {logging_mixin.py:188} INFO - [2026-03-08T15:56:04.050+0000] {dagbag.py:538} INFO - Filling up the DagBag from /opt/airflow/dags/bank_pipeline.py
[2026-03-08T15:56:04.109+0000] {processor.py:840} INFO - DAG(s) 'bank_pipeline' retrieved from /opt/airflow/dags/bank_pipeline.py
[2026-03-08T15:56:04.152+0000] {logging_mixin.py:188} INFO - [2026-03-08T15:56:04.152+0000] {dag.py:3036} INFO - Sync 1 DAGs
[2026-03-08T15:56:04.179+0000] {logging_mixin.py:188} INFO - [2026-03-08T15:56:04.178+0000] {dag.py:3823} INFO - Setting next_dagrun for bank_pipeline to 2026-03-07 00:00:00+00:00, run_after=2026-03-08 00:00:00+00:00
[2026-03-08T15:56:04.210+0000] {processor.py:183} INFO - Processing /opt/airflow/dags/bank_pipeline.py took 0.173 seconds
[2026-03-08T15:56:34.584+0000] {processor.py:161} INFO - Started process (PID=222) to work on /opt/airflow/dags/bank_pipeline.py
[2026-03-08T15:56:34.586+0000] {processor.py:830} INFO - Processing file /opt/airflow/dags/bank_pipeline.py for tasks to queue
[2026-03-08T15:56:34.588+0000] {logging_mixin.py:188} INFO - [2026-03-08T15:56:34.587+0000] {dagbag.py:538} INFO - Filling up the DagBag from /opt/airflow/dags/bank_pipeline.py
[2026-03-08T15:56:34.651+0000] {processor.py:840} INFO - DAG(s) 'bank_pipeline' retrieved from /opt/airflow/dags/bank_pipeline.py
[2026-03-08T15:56:34.728+0000] {logging_mixin.py:188} INFO - [2026-03-08T15:56:34.728+0000] {dag.py:3036} INFO - Sync 1 DAGs
[2026-03-08T15:56:34.784+0000] {logging_mixin.py:188} INFO - [2026-03-08T15:56:34.784+0000] {dag.py:3823} INFO - Setting next_dagrun for bank_pipeline to 2026-03-07 00:00:00+00:00, run_after=2026-03-08 00:00:00+00:00
[2026-03-08T15:56:34.835+0000] {processor.py:183} INFO - Processing /opt/airflow/dags/bank_pipeline.py took 0.260 seconds
[2026-03-08T15:57:05.184+0000] {processor.py:161} INFO - Started process (PID=227) to work on /opt/airflow/dags/bank_pipeline.py
[2026-03-08T15:57:05.186+0000] {processor.py:830} INFO - Processing file /opt/airflow/dags/bank_pipeline.py for tasks to queue
[2026-03-08T15:57:05.187+0000] {logging_mixin.py:188} INFO - [2026-03-08T15:57:05.187+0000] {dagbag.py:538} INFO - Filling up the DagBag from /opt/airflow/dags/bank_pipeline.py
[2026-03-08T15:57:05.219+0000] {processor.py:840} INFO - DAG(s) 'bank_pipeline' retrieved from /opt/airflow/dags/bank_pipeline.py
[2026-03-08T15:57:05.258+0000] {logging_mixin.py:188} INFO - [2026-03-08T15:57:05.258+0000] {dag.py:3036} INFO - Sync 1 DAGs
[2026-03-08T15:57:05.294+0000] {logging_mixin.py:188} INFO - [2026-03-08T15:57:05.294+0000] {dag.py:3823} INFO - Setting next_dagrun for bank_pipeline to 2026-03-07 00:00:00+00:00, run_after=2026-03-08 00:00:00+00:00
[2026-03-08T15:57:05.343+0000] {processor.py:183} INFO - Processing /opt/airflow/dags/bank_pipeline.py took 0.163 seconds
[2026-03-08T15:57:35.846+0000] {processor.py:161} INFO - Started process (PID=232) to work on /opt/airflow/dags/bank_pipeline.py
[2026-03-08T15:57:35.847+0000] {processor.py:830} INFO - Processing file /opt/airflow/dags/bank_pipeline.py for tasks to queue
[2026-03-08T15:57:35.848+0000] {logging_mixin.py:188} INFO - [2026-03-08T15:57:35.848+0000] {dagbag.py:538} INFO - Filling up the DagBag from /opt/airflow/dags/bank_pipeline.py
[2026-03-08T15:57:35.876+0000] {processor.py:840} INFO - DAG(s) 'bank_pipeline' retrieved from /opt/airflow/dags/bank_pipeline.py
[2026-03-08T15:57:35.918+0000] {logging_mixin.py:188} INFO - [2026-03-08T15:57:35.918+0000] {dag.py:3036} INFO - Sync 1 DAGs
[2026-03-08T15:57:35.948+0000] {logging_mixin.py:188} INFO - [2026-03-08T15:57:35.947+0000] {dag.py:3823} INFO - Setting next_dagrun for bank_pipeline to 2026-03-07 00:00:00+00:00, run_after=2026-03-08 00:00:00+00:00
[2026-03-08T15:57:35.982+0000] {processor.py:183} INFO - Processing /opt/airflow/dags/bank_pipeline.py took 0.141 seconds
[2026-03-08T15:58:06.314+0000] {processor.py:161} INFO - Started process (PID=237) to work on /opt/airflow/dags/bank_pipeline.py
[2026-03-08T15:58:06.316+0000] {processor.py:830} INFO - Processing file /opt/airflow/dags/bank_pipeline.py for tasks to queue
[2026-03-08T15:58:06.318+0000] {logging_mixin.py:188} INFO - [2026-03-08T15:58:06.318+0000] {dagbag.py:538} INFO - Filling up the DagBag from /opt/airflow/dags/bank_pipeline.py
[2026-03-08T15:58:06.375+0000] {processor.py:840} INFO - DAG(s) 'bank_pipeline' retrieved from /opt/airflow/dags/bank_pipeline.py
[2026-03-08T15:58:06.412+0000] {logging_mixin.py:188} INFO - [2026-03-08T15:58:06.411+0000] {dag.py:3036} INFO - Sync 1 DAGs
[2026-03-08T15:58:06.449+0000] {logging_mixin.py:188} INFO - [2026-03-08T15:58:06.448+0000] {dag.py:3823} INFO - Setting next_dagrun for bank_pipeline to 2026-03-07 00:00:00+00:00, run_after=2026-03-08 00:00:00+00:00
[2026-03-08T15:58:06.492+0000] {processor.py:183} INFO - Processing /opt/airflow/dags/bank_pipeline.py took 0.185 seconds
[2026-03-08T15:58:36.911+0000] {processor.py:161} INFO - Started process (PID=242) to work on /opt/airflow/dags/bank_pipeline.py
[2026-03-08T15:58:36.912+0000] {processor.py:830} INFO - Processing file /opt/airflow/dags/bank_pipeline.py for tasks to queue
[2026-03-08T15:58:36.913+0000] {logging_mixin.py:188} INFO - [2026-03-08T15:58:36.913+0000] {dagbag.py:538} INFO - Filling up the DagBag from /opt/airflow/dags/bank_pipeline.py
[2026-03-08T15:58:36.937+0000] {processor.py:840} INFO - DAG(s) 'bank_pipeline' retrieved from /opt/airflow/dags/bank_pipeline.py
[2026-03-08T15:58:36.978+0000] {logging_mixin.py:188} INFO - [2026-03-08T15:58:36.978+0000] {dag.py:3036} INFO - Sync 1 DAGs
[2026-03-08T15:58:37.007+0000] {logging_mixin.py:188} INFO - [2026-03-08T15:58:37.006+0000] {dag.py:3823} INFO - Setting next_dagrun for bank_pipeline to 2026-03-07 00:00:00+00:00, run_after=2026-03-08 00:00:00+00:00
[2026-03-08T15:58:37.032+0000] {processor.py:183} INFO - Processing /opt/airflow/dags/bank_pipeline.py took 0.125 seconds
[2026-03-08T15:59:07.348+0000] {processor.py:161} INFO - Started process (PID=247) to work on /opt/airflow/dags/bank_pipeline.py
[2026-03-08T15:59:07.349+0000] {processor.py:830} INFO - Processing file /opt/airflow/dags/bank_pipeline.py for tasks to queue
[2026-03-08T15:59:07.352+0000] {logging_mixin.py:188} INFO - [2026-03-08T15:59:07.351+0000] {dagbag.py:538} INFO - Filling up the DagBag from /opt/airflow/dags/bank_pipeline.py
[2026-03-08T15:59:07.409+0000] {processor.py:840} INFO - DAG(s) 'bank_pipeline' retrieved from /opt/airflow/dags/bank_pipeline.py
[2026-03-08T15:59:07.479+0000] {logging_mixin.py:188} INFO - [2026-03-08T15:59:07.479+0000] {dag.py:3036} INFO - Sync 1 DAGs
[2026-03-08T15:59:07.516+0000] {logging_mixin.py:188} INFO - [2026-03-08T15:59:07.515+0000] {dag.py:3823} INFO - Setting next_dagrun for bank_pipeline to 2026-03-07 00:00:00+00:00, run_after=2026-03-08 00:00:00+00:00
[2026-03-08T15:59:07.561+0000] {processor.py:183} INFO - Processing /opt/airflow/dags/bank_pipeline.py took 0.220 seconds
[2026-03-08T15:59:37.820+0000] {processor.py:161} INFO - Started process (PID=252) to work on /opt/airflow/dags/bank_pipeline.py
[2026-03-08T15:59:37.821+0000] {processor.py:830} INFO - Processing file /opt/airflow/dags/bank_pipeline.py for tasks to queue
[2026-03-08T15:59:37.822+0000] {logging_mixin.py:188} INFO - [2026-03-08T15:59:37.822+0000] {dagbag.py:538} INFO - Filling up the DagBag from /opt/airflow/dags/bank_pipeline.py
[2026-03-08T15:59:37.845+0000] {processor.py:840} INFO - DAG(s) 'bank_pipeline' retrieved from /opt/airflow/dags/bank_pipeline.py
[2026-03-08T15:59:37.888+0000] {logging_mixin.py:188} INFO - [2026-03-08T15:59:37.888+0000] {dag.py:3036} INFO - Sync 1 DAGs
[2026-03-08T15:59:37.917+0000] {logging_mixin.py:188} INFO - [2026-03-08T15:59:37.917+0000] {dag.py:3823} INFO - Setting next_dagrun for bank_pipeline to 2026-03-07 00:00:00+00:00, run_after=2026-03-08 00:00:00+00:00
[2026-03-08T15:59:37.950+0000] {processor.py:183} INFO - Processing /opt/airflow/dags/bank_pipeline.py took 0.135 seconds
[2026-03-08T15:59:53.080+0000] {processor.py:161} INFO - Started process (PID=166) to work on /opt/airflow/dags/bank_pipeline.py
[2026-03-08T15:59:53.082+0000] {processor.py:830} INFO - Processing file /opt/airflow/dags/bank_pipeline.py for tasks to queue
[2026-03-08T15:59:53.083+0000] {logging_mixin.py:188} INFO - [2026-03-08T15:59:53.083+0000] {dagbag.py:538} INFO - Filling up the DagBag from /opt/airflow/dags/bank_pipeline.py
[2026-03-08T15:59:53.112+0000] {processor.py:840} INFO - DAG(s) 'bank_pipeline' retrieved from /opt/airflow/dags/bank_pipeline.py
[2026-03-08T15:59:53.170+0000] {logging_mixin.py:188} INFO - [2026-03-08T15:59:53.169+0000] {dag.py:3036} INFO - Sync 1 DAGs
[2026-03-08T15:59:53.199+0000] {logging_mixin.py:188} INFO - [2026-03-08T15:59:53.199+0000] {dag.py:3823} INFO - Setting next_dagrun for bank_pipeline to 2026-03-07 00:00:00+00:00, run_after=2026-03-08 00:00:00+00:00
[2026-03-08T15:59:53.228+0000] {processor.py:183} INFO - Processing /opt/airflow/dags/bank_pipeline.py took 0.152 seconds
[2026-03-08T16:00:23.485+0000] {processor.py:161} INFO - Started process (PID=172) to work on /opt/airflow/dags/bank_pipeline.py
[2026-03-08T16:00:23.487+0000] {processor.py:830} INFO - Processing file /opt/airflow/dags/bank_pipeline.py for tasks to queue
[2026-03-08T16:00:23.488+0000] {logging_mixin.py:188} INFO - [2026-03-08T16:00:23.488+0000] {dagbag.py:538} INFO - Filling up the DagBag from /opt/airflow/dags/bank_pipeline.py
[2026-03-08T16:00:23.701+0000] {processor.py:840} INFO - DAG(s) 'bank_pipeline' retrieved from /opt/airflow/dags/bank_pipeline.py
[2026-03-08T16:00:23.755+0000] {logging_mixin.py:188} INFO - [2026-03-08T16:00:23.755+0000] {dag.py:3036} INFO - Sync 1 DAGs
[2026-03-08T16:00:23.784+0000] {logging_mixin.py:188} INFO - [2026-03-08T16:00:23.784+0000] {dag.py:3823} INFO - Setting next_dagrun for bank_pipeline to 2026-03-07 00:00:00+00:00, run_after=2026-03-08 00:00:00+00:00
[2026-03-08T16:00:23.806+0000] {processor.py:183} INFO - Processing /opt/airflow/dags/bank_pipeline.py took 0.325 seconds
[2026-03-08T16:00:54.163+0000] {processor.py:161} INFO - Started process (PID=177) to work on /opt/airflow/dags/bank_pipeline.py
[2026-03-08T16:00:54.165+0000] {processor.py:830} INFO - Processing file /opt/airflow/dags/bank_pipeline.py for tasks to queue
[2026-03-08T16:00:54.168+0000] {logging_mixin.py:188} INFO - [2026-03-08T16:00:54.167+0000] {dagbag.py:538} INFO - Filling up the DagBag from /opt/airflow/dags/bank_pipeline.py
[2026-03-08T16:00:54.228+0000] {processor.py:840} INFO - DAG(s) 'bank_pipeline' retrieved from /opt/airflow/dags/bank_pipeline.py
[2026-03-08T16:00:54.302+0000] {logging_mixin.py:188} INFO - [2026-03-08T16:00:54.301+0000] {dag.py:3036} INFO - Sync 1 DAGs
[2026-03-08T16:00:54.360+0000] {logging_mixin.py:188} INFO - [2026-03-08T16:00:54.360+0000] {dag.py:3823} INFO - Setting next_dagrun for bank_pipeline to 2026-03-07 00:00:00+00:00, run_after=2026-03-08 00:00:00+00:00
[2026-03-08T16:00:54.411+0000] {processor.py:183} INFO - Processing /opt/airflow/dags/bank_pipeline.py took 0.256 seconds
[2026-03-08T16:01:24.818+0000] {processor.py:161} INFO - Started process (PID=182) to work on /opt/airflow/dags/bank_pipeline.py
[2026-03-08T16:01:24.821+0000] {processor.py:830} INFO - Processing file /opt/airflow/dags/bank_pipeline.py for tasks to queue
[2026-03-08T16:01:24.823+0000] {logging_mixin.py:188} INFO - [2026-03-08T16:01:24.823+0000] {dagbag.py:538} INFO - Filling up the DagBag from /opt/airflow/dags/bank_pipeline.py
[2026-03-08T16:01:24.857+0000] {processor.py:840} INFO - DAG(s) 'bank_pipeline' retrieved from /opt/airflow/dags/bank_pipeline.py
[2026-03-08T16:01:24.893+0000] {logging_mixin.py:188} INFO - [2026-03-08T16:01:24.892+0000] {dag.py:3036} INFO - Sync 1 DAGs
[2026-03-08T16:01:24.921+0000] {logging_mixin.py:188} INFO - [2026-03-08T16:01:24.921+0000] {dag.py:3823} INFO - Setting next_dagrun for bank_pipeline to 2026-03-07 00:00:00+00:00, run_after=2026-03-08 00:00:00+00:00
[2026-03-08T16:01:24.955+0000] {processor.py:183} INFO - Processing /opt/airflow/dags/bank_pipeline.py took 0.147 seconds
[2026-03-08T16:01:55.353+0000] {processor.py:161} INFO - Started process (PID=187) to work on /opt/airflow/dags/bank_pipeline.py
[2026-03-08T16:01:55.355+0000] {processor.py:830} INFO - Processing file /opt/airflow/dags/bank_pipeline.py for tasks to queue
[2026-03-08T16:01:55.356+0000] {logging_mixin.py:188} INFO - [2026-03-08T16:01:55.355+0000] {dagbag.py:538} INFO - Filling up the DagBag from /opt/airflow/dags/bank_pipeline.py
[2026-03-08T16:01:55.386+0000] {processor.py:840} INFO - DAG(s) 'bank_pipeline' retrieved from /opt/airflow/dags/bank_pipeline.py
[2026-03-08T16:01:55.422+0000] {logging_mixin.py:188} INFO - [2026-03-08T16:01:55.421+0000] {dag.py:3036} INFO - Sync 1 DAGs
[2026-03-08T16:01:55.473+0000] {logging_mixin.py:188} INFO - [2026-03-08T16:01:55.472+0000] {dag.py:3823} INFO - Setting next_dagrun for bank_pipeline to 2026-03-07 00:00:00+00:00, run_after=2026-03-08 00:00:00+00:00
[2026-03-08T16:01:55.523+0000] {processor.py:183} INFO - Processing /opt/airflow/dags/bank_pipeline.py took 0.173 seconds
[2026-03-08T16:02:25.842+0000] {processor.py:161} INFO - Started process (PID=192) to work on /opt/airflow/dags/bank_pipeline.py
[2026-03-08T16:02:25.845+0000] {processor.py:830} INFO - Processing file /opt/airflow/dags/bank_pipeline.py for tasks to queue
[2026-03-08T16:02:25.848+0000] {logging_mixin.py:188} INFO - [2026-03-08T16:02:25.847+0000] {dagbag.py:538} INFO - Filling up the DagBag from /opt/airflow/dags/bank_pipeline.py
[2026-03-08T16:02:25.914+0000] {processor.py:840} INFO - DAG(s) 'bank_pipeline' retrieved from /opt/airflow/dags/bank_pipeline.py
[2026-03-08T16:02:25.990+0000] {logging_mixin.py:188} INFO - [2026-03-08T16:02:25.990+0000] {dag.py:3036} INFO - Sync 1 DAGs
[2026-03-08T16:02:26.036+0000] {logging_mixin.py:188} INFO - [2026-03-08T16:02:26.036+0000] {dag.py:3823} INFO - Setting next_dagrun for bank_pipeline to 2026-03-07 00:00:00+00:00, run_after=2026-03-08 00:00:00+00:00
[2026-03-08T16:02:26.081+0000] {processor.py:183} INFO - Processing /opt/airflow/dags/bank_pipeline.py took 0.249 seconds
[2026-03-08T16:02:56.489+0000] {processor.py:161} INFO - Started process (PID=197) to work on /opt/airflow/dags/bank_pipeline.py
[2026-03-08T16:02:56.491+0000] {processor.py:830} INFO - Processing file /opt/airflow/dags/bank_pipeline.py for tasks to queue
[2026-03-08T16:02:56.494+0000] {logging_mixin.py:188} INFO - [2026-03-08T16:02:56.493+0000] {dagbag.py:538} INFO - Filling up the DagBag from /opt/airflow/dags/bank_pipeline.py
[2026-03-08T16:02:56.544+0000] {processor.py:840} INFO - DAG(s) 'bank_pipeline' retrieved from /opt/airflow/dags/bank_pipeline.py
[2026-03-08T16:02:56.604+0000] {logging_mixin.py:188} INFO - [2026-03-08T16:02:56.604+0000] {dag.py:3036} INFO - Sync 1 DAGs
[2026-03-08T16:02:56.654+0000] {logging_mixin.py:188} INFO - [2026-03-08T16:02:56.654+0000] {dag.py:3823} INFO - Setting next_dagrun for bank_pipeline to 2026-03-07 00:00:00+00:00, run_after=2026-03-08 00:00:00+00:00
[2026-03-08T16:02:56.691+0000] {processor.py:183} INFO - Processing /opt/airflow/dags/bank_pipeline.py took 0.211 seconds
[2026-03-08T16:03:27.110+0000] {processor.py:161} INFO - Started process (PID=202) to work on /opt/airflow/dags/bank_pipeline.py
[2026-03-08T16:03:27.113+0000] {processor.py:830} INFO - Processing file /opt/airflow/dags/bank_pipeline.py for tasks to queue
[2026-03-08T16:03:27.115+0000] {logging_mixin.py:188} INFO - [2026-03-08T16:03:27.115+0000] {dagbag.py:538} INFO - Filling up the DagBag from /opt/airflow/dags/bank_pipeline.py
[2026-03-08T16:03:27.174+0000] {processor.py:840} INFO - DAG(s) 'bank_pipeline' retrieved from /opt/airflow/dags/bank_pipeline.py
[2026-03-08T16:03:27.233+0000] {logging_mixin.py:188} INFO - [2026-03-08T16:03:27.233+0000] {dag.py:3036} INFO - Sync 1 DAGs
[2026-03-08T16:03:27.288+0000] {logging_mixin.py:188} INFO - [2026-03-08T16:03:27.288+0000] {dag.py:3823} INFO - Setting next_dagrun for bank_pipeline to 2026-03-07 00:00:00+00:00, run_after=2026-03-08 00:00:00+00:00
[2026-03-08T16:03:27.337+0000] {processor.py:183} INFO - Processing /opt/airflow/dags/bank_pipeline.py took 0.237 seconds
[2026-03-08T16:03:57.712+0000] {processor.py:161} INFO - Started process (PID=207) to work on /opt/airflow/dags/bank_pipeline.py
[2026-03-08T16:03:57.714+0000] {processor.py:830} INFO - Processing file /opt/airflow/dags/bank_pipeline.py for tasks to queue
[2026-03-08T16:03:57.717+0000] {logging_mixin.py:188} INFO - [2026-03-08T16:03:57.716+0000] {dagbag.py:538} INFO - Filling up the DagBag from /opt/airflow/dags/bank_pipeline.py
[2026-03-08T16:03:57.781+0000] {processor.py:840} INFO - DAG(s) 'bank_pipeline' retrieved from /opt/airflow/dags/bank_pipeline.py
[2026-03-08T16:03:57.822+0000] {logging_mixin.py:188} INFO - [2026-03-08T16:03:57.821+0000] {dag.py:3036} INFO - Sync 1 DAGs
[2026-03-08T16:03:57.854+0000] {logging_mixin.py:188} INFO - [2026-03-08T16:03:57.853+0000] {dag.py:3823} INFO - Setting next_dagrun for bank_pipeline to 2026-03-07 00:00:00+00:00, run_after=2026-03-08 00:00:00+00:00
[2026-03-08T16:03:57.893+0000] {processor.py:183} INFO - Processing /opt/airflow/dags/bank_pipeline.py took 0.192 seconds
[2026-03-08T16:04:28.357+0000] {processor.py:161} INFO - Started process (PID=212) to work on /opt/airflow/dags/bank_pipeline.py
[2026-03-08T16:04:28.359+0000] {processor.py:830} INFO - Processing file /opt/airflow/dags/bank_pipeline.py for tasks to queue
[2026-03-08T16:04:28.362+0000] {logging_mixin.py:188} INFO - [2026-03-08T16:04:28.361+0000] {dagbag.py:538} INFO - Filling up the DagBag from /opt/airflow/dags/bank_pipeline.py
[2026-03-08T16:04:28.419+0000] {processor.py:840} INFO - DAG(s) 'bank_pipeline' retrieved from /opt/airflow/dags/bank_pipeline.py
[2026-03-08T16:04:28.473+0000] {logging_mixin.py:188} INFO - [2026-03-08T16:04:28.472+0000] {dag.py:3036} INFO - Sync 1 DAGs
[2026-03-08T16:04:28.500+0000] {logging_mixin.py:188} INFO - [2026-03-08T16:04:28.499+0000] {dag.py:3823} INFO - Setting next_dagrun for bank_pipeline to 2026-03-07 00:00:00+00:00, run_after=2026-03-08 00:00:00+00:00
[2026-03-08T16:04:28.530+0000] {processor.py:183} INFO - Processing /opt/airflow/dags/bank_pipeline.py took 0.181 seconds
[2026-03-08T16:04:59.025+0000] {processor.py:161} INFO - Started process (PID=217) to work on /opt/airflow/dags/bank_pipeline.py
[2026-03-08T16:04:59.026+0000] {processor.py:830} INFO - Processing file /opt/airflow/dags/bank_pipeline.py for tasks to queue
[2026-03-08T16:04:59.028+0000] {logging_mixin.py:188} INFO - [2026-03-08T16:04:59.027+0000] {dagbag.py:538} INFO - Filling up the DagBag from /opt/airflow/dags/bank_pipeline.py
[2026-03-08T16:04:59.087+0000] {processor.py:840} INFO - DAG(s) 'bank_pipeline' retrieved from /opt/airflow/dags/bank_pipeline.py
[2026-03-08T16:04:59.145+0000] {logging_mixin.py:188} INFO - [2026-03-08T16:04:59.145+0000] {dag.py:3036} INFO - Sync 1 DAGs
[2026-03-08T16:04:59.169+0000] {logging_mixin.py:188} INFO - [2026-03-08T16:04:59.168+0000] {dag.py:3823} INFO - Setting next_dagrun for bank_pipeline to 2026-03-07 00:00:00+00:00, run_after=2026-03-08 00:00:00+00:00
[2026-03-08T16:04:59.198+0000] {processor.py:183} INFO - Processing /opt/airflow/dags/bank_pipeline.py took 0.177 seconds
[2026-03-08T16:05:29.609+0000] {processor.py:161} INFO - Started process (PID=222) to work on /opt/airflow/dags/bank_pipeline.py
[2026-03-08T16:05:29.611+0000] {processor.py:830} INFO - Processing file /opt/airflow/dags/bank_pipeline.py for tasks to queue
[2026-03-08T16:05:29.614+0000] {logging_mixin.py:188} INFO - [2026-03-08T16:05:29.613+0000] {dagbag.py:538} INFO - Filling up the DagBag from /opt/airflow/dags/bank_pipeline.py
[2026-03-08T16:05:29.646+0000] {processor.py:840} INFO - DAG(s) 'bank_pipeline' retrieved from /opt/airflow/dags/bank_pipeline.py
[2026-03-08T16:05:29.678+0000] {logging_mixin.py:188} INFO - [2026-03-08T16:05:29.678+0000] {dag.py:3036} INFO - Sync 1 DAGs
[2026-03-08T16:05:29.708+0000] {logging_mixin.py:188} INFO - [2026-03-08T16:05:29.708+0000] {dag.py:3823} INFO - Setting next_dagrun for bank_pipeline to 2026-03-07 00:00:00+00:00, run_after=2026-03-08 00:00:00+00:00
[2026-03-08T16:05:29.752+0000] {processor.py:183} INFO - Processing /opt/airflow/dags/bank_pipeline.py took 0.156 seconds
[2026-03-08T16:06:00.115+0000] {processor.py:161} INFO - Started process (PID=227) to work on /opt/airflow/dags/bank_pipeline.py
[2026-03-08T16:06:00.116+0000] {processor.py:830} INFO - Processing file /opt/airflow/dags/bank_pipeline.py for tasks to queue
[2026-03-08T16:06:00.117+0000] {logging_mixin.py:188} INFO - [2026-03-08T16:06:00.117+0000] {dagbag.py:538} INFO - Filling up the DagBag from /opt/airflow/dags/bank_pipeline.py
[2026-03-08T16:06:00.144+0000] {processor.py:840} INFO - DAG(s) 'bank_pipeline' retrieved from /opt/airflow/dags/bank_pipeline.py
[2026-03-08T16:06:00.182+0000] {logging_mixin.py:188} INFO - [2026-03-08T16:06:00.182+0000] {dag.py:3036} INFO - Sync 1 DAGs
[2026-03-08T16:06:00.213+0000] {logging_mixin.py:188} INFO - [2026-03-08T16:06:00.213+0000] {dag.py:3823} INFO - Setting next_dagrun for bank_pipeline to 2026-03-07 00:00:00+00:00, run_after=2026-03-08 00:00:00+00:00
[2026-03-08T16:06:00.249+0000] {processor.py:183} INFO - Processing /opt/airflow/dags/bank_pipeline.py took 0.138 seconds
[2026-03-08T16:06:30.704+0000] {processor.py:161} INFO - Started process (PID=232) to work on /opt/airflow/dags/bank_pipeline.py
[2026-03-08T16:06:30.705+0000] {processor.py:830} INFO - Processing file /opt/airflow/dags/bank_pipeline.py for tasks to queue
[2026-03-08T16:06:30.706+0000] {logging_mixin.py:188} INFO - [2026-03-08T16:06:30.706+0000] {dagbag.py:538} INFO - Filling up the DagBag from /opt/airflow/dags/bank_pipeline.py
[2026-03-08T16:06:30.731+0000] {processor.py:840} INFO - DAG(s) 'bank_pipeline' retrieved from /opt/airflow/dags/bank_pipeline.py
[2026-03-08T16:06:30.770+0000] {logging_mixin.py:188} INFO - [2026-03-08T16:06:30.769+0000] {dag.py:3036} INFO - Sync 1 DAGs
[2026-03-08T16:06:30.802+0000] {logging_mixin.py:188} INFO - [2026-03-08T16:06:30.801+0000] {dag.py:3823} INFO - Setting next_dagrun for bank_pipeline to 2026-03-07 00:00:00+00:00, run_after=2026-03-08 00:00:00+00:00
[2026-03-08T16:06:30.841+0000] {processor.py:183} INFO - Processing /opt/airflow/dags/bank_pipeline.py took 0.141 seconds
[2026-03-08T16:07:01.053+0000] {processor.py:161} INFO - Started process (PID=237) to work on /opt/airflow/dags/bank_pipeline.py
[2026-03-08T16:07:01.054+0000] {processor.py:830} INFO - Processing file /opt/airflow/dags/bank_pipeline.py for tasks to queue
[2026-03-08T16:07:01.056+0000] {logging_mixin.py:188} INFO - [2026-03-08T16:07:01.055+0000] {dagbag.py:538} INFO - Filling up the DagBag from /opt/airflow/dags/bank_pipeline.py
[2026-03-08T16:07:01.083+0000] {processor.py:840} INFO - DAG(s) 'bank_pipeline' retrieved from /opt/airflow/dags/bank_pipeline.py
[2026-03-08T16:07:01.120+0000] {logging_mixin.py:188} INFO - [2026-03-08T16:07:01.120+0000] {dag.py:3036} INFO - Sync 1 DAGs
[2026-03-08T16:07:01.150+0000] {logging_mixin.py:188} INFO - [2026-03-08T16:07:01.149+0000] {dag.py:3823} INFO - Setting next_dagrun for bank_pipeline to 2026-03-07 00:00:00+00:00, run_after=2026-03-08 00:00:00+00:00
[2026-03-08T16:07:01.186+0000] {processor.py:183} INFO - Processing /opt/airflow/dags/bank_pipeline.py took 0.138 seconds
[2026-03-08T16:07:31.520+0000] {processor.py:161} INFO - Started process (PID=242) to work on /opt/airflow/dags/bank_pipeline.py
[2026-03-08T16:07:31.521+0000] {processor.py:830} INFO - Processing file /opt/airflow/dags/bank_pipeline.py for tasks to queue
[2026-03-08T16:07:31.522+0000] {logging_mixin.py:188} INFO - [2026-03-08T16:07:31.522+0000] {dagbag.py:538} INFO - Filling up the DagBag from /opt/airflow/dags/bank_pipeline.py
[2026-03-08T16:07:31.551+0000] {processor.py:840} INFO - DAG(s) 'bank_pipeline' retrieved from /opt/airflow/dags/bank_pipeline.py
[2026-03-08T16:07:31.594+0000] {logging_mixin.py:188} INFO - [2026-03-08T16:07:31.593+0000] {dag.py:3036} INFO - Sync 1 DAGs
[2026-03-08T16:07:31.634+0000] {logging_mixin.py:188} INFO - [2026-03-08T16:07:31.634+0000] {dag.py:3823} INFO - Setting next_dagrun for bank_pipeline to 2026-03-07 00:00:00+00:00, run_after=2026-03-08 00:00:00+00:00
[2026-03-08T16:07:31.682+0000] {processor.py:183} INFO - Processing /opt/airflow/dags/bank_pipeline.py took 0.167 seconds
[2026-03-08T16:08:02.011+0000] {processor.py:161} INFO - Started process (PID=247) to work on /opt/airflow/dags/bank_pipeline.py
[2026-03-08T16:08:02.013+0000] {processor.py:830} INFO - Processing file /opt/airflow/dags/bank_pipeline.py for tasks to queue
[2026-03-08T16:08:02.014+0000] {logging_mixin.py:188} INFO - [2026-03-08T16:08:02.014+0000] {dagbag.py:538} INFO - Filling up the DagBag from /opt/airflow/dags/bank_pipeline.py
[2026-03-08T16:08:02.043+0000] {processor.py:840} INFO - DAG(s) 'bank_pipeline' retrieved from /opt/airflow/dags/bank_pipeline.py
[2026-03-08T16:08:02.081+0000] {logging_mixin.py:188} INFO - [2026-03-08T16:08:02.080+0000] {dag.py:3036} INFO - Sync 1 DAGs
[2026-03-08T16:08:02.109+0000] {logging_mixin.py:188} INFO - [2026-03-08T16:08:02.108+0000] {dag.py:3823} INFO - Setting next_dagrun for bank_pipeline to 2026-03-07 00:00:00+00:00, run_after=2026-03-08 00:00:00+00:00
[2026-03-08T16:08:02.135+0000] {processor.py:183} INFO - Processing /opt/airflow/dags/bank_pipeline.py took 0.128 seconds
[2026-03-08T16:08:32.632+0000] {processor.py:161} INFO - Started process (PID=252) to work on /opt/airflow/dags/bank_pipeline.py
[2026-03-08T16:08:32.634+0000] {processor.py:830} INFO - Processing file /opt/airflow/dags/bank_pipeline.py for tasks to queue
[2026-03-08T16:08:32.637+0000] {logging_mixin.py:188} INFO - [2026-03-08T16:08:32.636+0000] {dagbag.py:538} INFO - Filling up the DagBag from /opt/airflow/dags/bank_pipeline.py
[2026-03-08T16:08:32.692+0000] {processor.py:840} INFO - DAG(s) 'bank_pipeline' retrieved from /opt/airflow/dags/bank_pipeline.py
[2026-03-08T16:08:32.765+0000] {logging_mixin.py:188} INFO - [2026-03-08T16:08:32.764+0000] {dag.py:3036} INFO - Sync 1 DAGs
[2026-03-08T16:08:32.822+0000] {logging_mixin.py:188} INFO - [2026-03-08T16:08:32.821+0000] {dag.py:3823} INFO - Setting next_dagrun for bank_pipeline to 2026-03-07 00:00:00+00:00, run_after=2026-03-08 00:00:00+00:00
[2026-03-08T16:08:32.875+0000] {processor.py:183} INFO - Processing /opt/airflow/dags/bank_pipeline.py took 0.249 seconds
[2026-03-08T16:09:03.130+0000] {processor.py:161} INFO - Started process (PID=257) to work on /opt/airflow/dags/bank_pipeline.py
[2026-03-08T16:09:03.131+0000] {processor.py:830} INFO - Processing file /opt/airflow/dags/bank_pipeline.py for tasks to queue
[2026-03-08T16:09:03.133+0000] {logging_mixin.py:188} INFO - [2026-03-08T16:09:03.132+0000] {dagbag.py:538} INFO - Filling up the DagBag from /opt/airflow/dags/bank_pipeline.py
[2026-03-08T16:09:03.155+0000] {processor.py:840} INFO - DAG(s) 'bank_pipeline' retrieved from /opt/airflow/dags/bank_pipeline.py
[2026-03-08T16:09:03.192+0000] {logging_mixin.py:188} INFO - [2026-03-08T16:09:03.191+0000] {dag.py:3036} INFO - Sync 1 DAGs
[2026-03-08T16:09:03.219+0000] {logging_mixin.py:188} INFO - [2026-03-08T16:09:03.219+0000] {dag.py:3823} INFO - Setting next_dagrun for bank_pipeline to 2026-03-07 00:00:00+00:00, run_after=2026-03-08 00:00:00+00:00
[2026-03-08T16:09:03.261+0000] {processor.py:183} INFO - Processing /opt/airflow/dags/bank_pipeline.py took 0.135 seconds
[2026-03-08T16:09:33.666+0000] {processor.py:161} INFO - Started process (PID=262) to work on /opt/airflow/dags/bank_pipeline.py
[2026-03-08T16:09:33.669+0000] {processor.py:830} INFO - Processing file /opt/airflow/dags/bank_pipeline.py for tasks to queue
[2026-03-08T16:09:33.672+0000] {logging_mixin.py:188} INFO - [2026-03-08T16:09:33.671+0000] {dagbag.py:538} INFO - Filling up the DagBag from /opt/airflow/dags/bank_pipeline.py
[2026-03-08T16:09:33.733+0000] {processor.py:840} INFO - DAG(s) 'bank_pipeline' retrieved from /opt/airflow/dags/bank_pipeline.py
[2026-03-08T16:09:33.773+0000] {logging_mixin.py:188} INFO - [2026-03-08T16:09:33.772+0000] {dag.py:3036} INFO - Sync 1 DAGs
[2026-03-08T16:09:33.807+0000] {logging_mixin.py:188} INFO - [2026-03-08T16:09:33.807+0000] {dag.py:3823} INFO - Setting next_dagrun for bank_pipeline to 2026-03-07 00:00:00+00:00, run_after=2026-03-08 00:00:00+00:00
[2026-03-08T16:09:33.848+0000] {processor.py:183} INFO - Processing /opt/airflow/dags/bank_pipeline.py took 0.194 seconds
[2026-03-08T16:10:04.367+0000] {processor.py:161} INFO - Started process (PID=267) to work on /opt/airflow/dags/bank_pipeline.py
[2026-03-08T16:10:04.368+0000] {processor.py:830} INFO - Processing file /opt/airflow/dags/bank_pipeline.py for tasks to queue
[2026-03-08T16:10:04.369+0000] {logging_mixin.py:188} INFO - [2026-03-08T16:10:04.369+0000] {dagbag.py:538} INFO - Filling up the DagBag from /opt/airflow/dags/bank_pipeline.py
[2026-03-08T16:10:04.396+0000] {processor.py:840} INFO - DAG(s) 'bank_pipeline' retrieved from /opt/airflow/dags/bank_pipeline.py
[2026-03-08T16:10:04.432+0000] {logging_mixin.py:188} INFO - [2026-03-08T16:10:04.432+0000] {dag.py:3036} INFO - Sync 1 DAGs
[2026-03-08T16:10:04.463+0000] {logging_mixin.py:188} INFO - [2026-03-08T16:10:04.462+0000] {dag.py:3823} INFO - Setting next_dagrun for bank_pipeline to 2026-03-07 00:00:00+00:00, run_after=2026-03-08 00:00:00+00:00
[2026-03-08T16:10:04.486+0000] {processor.py:183} INFO - Processing /opt/airflow/dags/bank_pipeline.py took 0.123 seconds
[2026-03-08T16:10:34.833+0000] {processor.py:161} INFO - Started process (PID=272) to work on /opt/airflow/dags/bank_pipeline.py
[2026-03-08T16:10:34.834+0000] {processor.py:830} INFO - Processing file /opt/airflow/dags/bank_pipeline.py for tasks to queue
[2026-03-08T16:10:34.835+0000] {logging_mixin.py:188} INFO - [2026-03-08T16:10:34.835+0000] {dagbag.py:538} INFO - Filling up the DagBag from /opt/airflow/dags/bank_pipeline.py
[2026-03-08T16:10:34.855+0000] {processor.py:840} INFO - DAG(s) 'bank_pipeline' retrieved from /opt/airflow/dags/bank_pipeline.py
[2026-03-08T16:10:34.890+0000] {logging_mixin.py:188} INFO - [2026-03-08T16:10:34.890+0000] {dag.py:3036} INFO - Sync 1 DAGs
[2026-03-08T16:10:34.919+0000] {logging_mixin.py:188} INFO - [2026-03-08T16:10:34.919+0000] {dag.py:3823} INFO - Setting next_dagrun for bank_pipeline to 2026-03-07 00:00:00+00:00, run_after=2026-03-08 00:00:00+00:00
[2026-03-08T16:10:34.948+0000] {processor.py:183} INFO - Processing /opt/airflow/dags/bank_pipeline.py took 0.120 seconds
[2026-03-08T16:11:05.433+0000] {processor.py:161} INFO - Started process (PID=277) to work on /opt/airflow/dags/bank_pipeline.py
[2026-03-08T16:11:05.435+0000] {processor.py:830} INFO - Processing file /opt/airflow/dags/bank_pipeline.py for tasks to queue
[2026-03-08T16:11:05.437+0000] {logging_mixin.py:188} INFO - [2026-03-08T16:11:05.437+0000] {dagbag.py:538} INFO - Filling up the DagBag from /opt/airflow/dags/bank_pipeline.py
[2026-03-08T16:11:05.495+0000] {processor.py:840} INFO - DAG(s) 'bank_pipeline' retrieved from /opt/airflow/dags/bank_pipeline.py
[2026-03-08T16:11:05.551+0000] {logging_mixin.py:188} INFO - [2026-03-08T16:11:05.551+0000] {dag.py:3036} INFO - Sync 1 DAGs
[2026-03-08T16:11:05.601+0000] {logging_mixin.py:188} INFO - [2026-03-08T16:11:05.600+0000] {dag.py:3823} INFO - Setting next_dagrun for bank_pipeline to 2026-03-07 00:00:00+00:00, run_after=2026-03-08 00:00:00+00:00
[2026-03-08T16:11:05.652+0000] {processor.py:183} INFO - Processing /opt/airflow/dags/bank_pipeline.py took 0.222 seconds
[2026-03-08T16:11:35.964+0000] {processor.py:161} INFO - Started process (PID=282) to work on /opt/airflow/dags/bank_pipeline.py
[2026-03-08T16:11:35.966+0000] {processor.py:830} INFO - Processing file /opt/airflow/dags/bank_pipeline.py for tasks to queue
[2026-03-08T16:11:35.968+0000] {logging_mixin.py:188} INFO - [2026-03-08T16:11:35.967+0000] {dagbag.py:538} INFO - Filling up the DagBag from /opt/airflow/dags/bank_pipeline.py
[2026-03-08T16:11:35.996+0000] {processor.py:840} INFO - DAG(s) 'bank_pipeline' retrieved from /opt/airflow/dags/bank_pipeline.py
[2026-03-08T16:11:36.054+0000] {logging_mixin.py:188} INFO - [2026-03-08T16:11:36.053+0000] {dag.py:3036} INFO - Sync 1 DAGs
[2026-03-08T16:11:36.084+0000] {logging_mixin.py:188} INFO - [2026-03-08T16:11:36.084+0000] {dag.py:3823} INFO - Setting next_dagrun for bank_pipeline to 2026-03-07 00:00:00+00:00, run_after=2026-03-08 00:00:00+00:00
[2026-03-08T16:11:36.133+0000] {processor.py:183} INFO - Processing /opt/airflow/dags/bank_pipeline.py took 0.178 seconds
[2026-03-08T16:12:06.665+0000] {processor.py:161} INFO - Started process (PID=287) to work on /opt/airflow/dags/bank_pipeline.py
[2026-03-08T16:12:06.666+0000] {processor.py:830} INFO - Processing file /opt/airflow/dags/bank_pipeline.py for tasks to queue
[2026-03-08T16:12:06.668+0000] {logging_mixin.py:188} INFO - [2026-03-08T16:12:06.667+0000] {dagbag.py:538} INFO - Filling up the DagBag from /opt/airflow/dags/bank_pipeline.py
[2026-03-08T16:12:06.698+0000] {processor.py:840} INFO - DAG(s) 'bank_pipeline' retrieved from /opt/airflow/dags/bank_pipeline.py
[2026-03-08T16:12:06.738+0000] {logging_mixin.py:188} INFO - [2026-03-08T16:12:06.737+0000] {dag.py:3036} INFO - Sync 1 DAGs
[2026-03-08T16:12:06.777+0000] {logging_mixin.py:188} INFO - [2026-03-08T16:12:06.777+0000] {dag.py:3823} INFO - Setting next_dagrun for bank_pipeline to 2026-03-07 00:00:00+00:00, run_after=2026-03-08 00:00:00+00:00
[2026-03-08T16:12:06.821+0000] {processor.py:183} INFO - Processing /opt/airflow/dags/bank_pipeline.py took 0.160 seconds
[2026-03-08T16:12:37.209+0000] {processor.py:161} INFO - Started process (PID=292) to work on /opt/airflow/dags/bank_pipeline.py
[2026-03-08T16:12:37.212+0000] {processor.py:830} INFO - Processing file /opt/airflow/dags/bank_pipeline.py for tasks to queue
[2026-03-08T16:12:37.214+0000] {logging_mixin.py:188} INFO - [2026-03-08T16:12:37.214+0000] {dagbag.py:538} INFO - Filling up the DagBag from /opt/airflow/dags/bank_pipeline.py
[2026-03-08T16:12:37.278+0000] {processor.py:840} INFO - DAG(s) 'bank_pipeline' retrieved from /opt/airflow/dags/bank_pipeline.py
[2026-03-08T16:12:37.315+0000] {logging_mixin.py:188} INFO - [2026-03-08T16:12:37.315+0000] {dag.py:3036} INFO - Sync 1 DAGs
[2026-03-08T16:12:37.342+0000] {logging_mixin.py:188} INFO - [2026-03-08T16:12:37.342+0000] {dag.py:3823} INFO - Setting next_dagrun for bank_pipeline to 2026-03-07 00:00:00+00:00, run_after=2026-03-08 00:00:00+00:00
[2026-03-08T16:12:37.370+0000] {processor.py:183} INFO - Processing /opt/airflow/dags/bank_pipeline.py took 0.169 seconds
[2026-03-08T16:13:07.848+0000] {processor.py:161} INFO - Started process (PID=297) to work on /opt/airflow/dags/bank_pipeline.py
[2026-03-08T16:13:07.849+0000] {processor.py:830} INFO - Processing file /opt/airflow/dags/bank_pipeline.py for tasks to queue
[2026-03-08T16:13:07.851+0000] {logging_mixin.py:188} INFO - [2026-03-08T16:13:07.850+0000] {dagbag.py:538} INFO - Filling up the DagBag from /opt/airflow/dags/bank_pipeline.py
[2026-03-08T16:13:07.877+0000] {processor.py:840} INFO - DAG(s) 'bank_pipeline' retrieved from /opt/airflow/dags/bank_pipeline.py
[2026-03-08T16:13:07.913+0000] {logging_mixin.py:188} INFO - [2026-03-08T16:13:07.913+0000] {dag.py:3036} INFO - Sync 1 DAGs
[2026-03-08T16:13:07.941+0000] {logging_mixin.py:188} INFO - [2026-03-08T16:13:07.940+0000] {dag.py:3823} INFO - Setting next_dagrun for bank_pipeline to 2026-03-07 00:00:00+00:00, run_after=2026-03-08 00:00:00+00:00
[2026-03-08T16:13:07.977+0000] {processor.py:183} INFO - Processing /opt/airflow/dags/bank_pipeline.py took 0.132 seconds
[2026-03-08T16:13:38.410+0000] {processor.py:161} INFO - Started process (PID=302) to work on /opt/airflow/dags/bank_pipeline.py
[2026-03-08T16:13:38.412+0000] {processor.py:830} INFO - Processing file /opt/airflow/dags/bank_pipeline.py for tasks to queue
[2026-03-08T16:13:38.415+0000] {logging_mixin.py:188} INFO - [2026-03-08T16:13:38.414+0000] {dagbag.py:538} INFO - Filling up the DagBag from /opt/airflow/dags/bank_pipeline.py
[2026-03-08T16:13:38.487+0000] {processor.py:840} INFO - DAG(s) 'bank_pipeline' retrieved from /opt/airflow/dags/bank_pipeline.py
[2026-03-08T16:13:38.554+0000] {logging_mixin.py:188} INFO - [2026-03-08T16:13:38.553+0000] {dag.py:3036} INFO - Sync 1 DAGs
[2026-03-08T16:13:38.583+0000] {logging_mixin.py:188} INFO - [2026-03-08T16:13:38.582+0000] {dag.py:3823} INFO - Setting next_dagrun for bank_pipeline to 2026-03-07 00:00:00+00:00, run_after=2026-03-08 00:00:00+00:00
[2026-03-08T16:13:38.627+0000] {processor.py:183} INFO - Processing /opt/airflow/dags/bank_pipeline.py took 0.225 seconds
[2026-03-08T16:14:08.908+0000] {processor.py:161} INFO - Started process (PID=307) to work on /opt/airflow/dags/bank_pipeline.py
[2026-03-08T16:14:08.909+0000] {processor.py:830} INFO - Processing file /opt/airflow/dags/bank_pipeline.py for tasks to queue
[2026-03-08T16:14:08.911+0000] {logging_mixin.py:188} INFO - [2026-03-08T16:14:08.910+0000] {dagbag.py:538} INFO - Filling up the DagBag from /opt/airflow/dags/bank_pipeline.py
[2026-03-08T16:14:08.934+0000] {processor.py:840} INFO - DAG(s) 'bank_pipeline' retrieved from /opt/airflow/dags/bank_pipeline.py
[2026-03-08T16:14:08.969+0000] {logging_mixin.py:188} INFO - [2026-03-08T16:14:08.968+0000] {dag.py:3036} INFO - Sync 1 DAGs
[2026-03-08T16:14:08.995+0000] {logging_mixin.py:188} INFO - [2026-03-08T16:14:08.995+0000] {dag.py:3823} INFO - Setting next_dagrun for bank_pipeline to 2026-03-07 00:00:00+00:00, run_after=2026-03-08 00:00:00+00:00
[2026-03-08T16:14:09.024+0000] {processor.py:183} INFO - Processing /opt/airflow/dags/bank_pipeline.py took 0.120 seconds
[2026-03-08T16:14:39.489+0000] {processor.py:161} INFO - Started process (PID=312) to work on /opt/airflow/dags/bank_pipeline.py
[2026-03-08T16:14:39.491+0000] {processor.py:830} INFO - Processing file /opt/airflow/dags/bank_pipeline.py for tasks to queue
[2026-03-08T16:14:39.499+0000] {logging_mixin.py:188} INFO - [2026-03-08T16:14:39.499+0000] {dagbag.py:538} INFO - Filling up the DagBag from /opt/airflow/dags/bank_pipeline.py
[2026-03-08T16:14:39.538+0000] {processor.py:840} INFO - DAG(s) 'bank_pipeline' retrieved from /opt/airflow/dags/bank_pipeline.py
[2026-03-08T16:14:39.576+0000] {logging_mixin.py:188} INFO - [2026-03-08T16:14:39.576+0000] {dag.py:3036} INFO - Sync 1 DAGs
[2026-03-08T16:14:39.604+0000] {logging_mixin.py:188} INFO - [2026-03-08T16:14:39.604+0000] {dag.py:3823} INFO - Setting next_dagrun for bank_pipeline to 2026-03-07 00:00:00+00:00, run_after=2026-03-08 00:00:00+00:00
[2026-03-08T16:14:39.634+0000] {processor.py:183} INFO - Processing /opt/airflow/dags/bank_pipeline.py took 0.149 seconds
[2026-03-08T16:15:10.131+0000] {processor.py:161} INFO - Started process (PID=317) to work on /opt/airflow/dags/bank_pipeline.py
[2026-03-08T16:15:10.133+0000] {processor.py:830} INFO - Processing file /opt/airflow/dags/bank_pipeline.py for tasks to queue
[2026-03-08T16:15:10.134+0000] {logging_mixin.py:188} INFO - [2026-03-08T16:15:10.134+0000] {dagbag.py:538} INFO - Filling up the DagBag from /opt/airflow/dags/bank_pipeline.py
[2026-03-08T16:15:10.160+0000] {processor.py:840} INFO - DAG(s) 'bank_pipeline' retrieved from /opt/airflow/dags/bank_pipeline.py
[2026-03-08T16:15:10.199+0000] {logging_mixin.py:188} INFO - [2026-03-08T16:15:10.199+0000] {dag.py:3036} INFO - Sync 1 DAGs
[2026-03-08T16:15:10.226+0000] {logging_mixin.py:188} INFO - [2026-03-08T16:15:10.226+0000] {dag.py:3823} INFO - Setting next_dagrun for bank_pipeline to 2026-03-07 00:00:00+00:00, run_after=2026-03-08 00:00:00+00:00
[2026-03-08T16:15:10.265+0000] {processor.py:183} INFO - Processing /opt/airflow/dags/bank_pipeline.py took 0.137 seconds
[2026-03-08T16:15:40.675+0000] {processor.py:161} INFO - Started process (PID=322) to work on /opt/airflow/dags/bank_pipeline.py
[2026-03-08T16:15:40.677+0000] {processor.py:830} INFO - Processing file /opt/airflow/dags/bank_pipeline.py for tasks to queue
[2026-03-08T16:15:40.678+0000] {logging_mixin.py:188} INFO - [2026-03-08T16:15:40.678+0000] {dagbag.py:538} INFO - Filling up the DagBag from /opt/airflow/dags/bank_pipeline.py
[2026-03-08T16:15:40.705+0000] {processor.py:840} INFO - DAG(s) 'bank_pipeline' retrieved from /opt/airflow/dags/bank_pipeline.py
[2026-03-08T16:15:40.742+0000] {logging_mixin.py:188} INFO - [2026-03-08T16:15:40.741+0000] {dag.py:3036} INFO - Sync 1 DAGs
[2026-03-08T16:15:40.771+0000] {logging_mixin.py:188} INFO - [2026-03-08T16:15:40.771+0000] {dag.py:3823} INFO - Setting next_dagrun for bank_pipeline to 2026-03-07 00:00:00+00:00, run_after=2026-03-08 00:00:00+00:00
[2026-03-08T16:15:40.818+0000] {processor.py:183} INFO - Processing /opt/airflow/dags/bank_pipeline.py took 0.149 seconds
[2026-03-08T16:16:11.272+0000] {processor.py:161} INFO - Started process (PID=327) to work on /opt/airflow/dags/bank_pipeline.py
[2026-03-08T16:16:11.274+0000] {processor.py:830} INFO - Processing file /opt/airflow/dags/bank_pipeline.py for tasks to queue
[2026-03-08T16:16:11.275+0000] {logging_mixin.py:188} INFO - [2026-03-08T16:16:11.275+0000] {dagbag.py:538} INFO - Filling up the DagBag from /opt/airflow/dags/bank_pipeline.py
[2026-03-08T16:16:11.299+0000] {processor.py:840} INFO - DAG(s) 'bank_pipeline' retrieved from /opt/airflow/dags/bank_pipeline.py
[2026-03-08T16:16:11.336+0000] {logging_mixin.py:188} INFO - [2026-03-08T16:16:11.336+0000] {dag.py:3036} INFO - Sync 1 DAGs
[2026-03-08T16:16:11.368+0000] {logging_mixin.py:188} INFO - [2026-03-08T16:16:11.367+0000] {dag.py:3823} INFO - Setting next_dagrun for bank_pipeline to 2026-03-07 00:00:00+00:00, run_after=2026-03-08 00:00:00+00:00
[2026-03-08T16:16:11.416+0000] {processor.py:183} INFO - Processing /opt/airflow/dags/bank_pipeline.py took 0.147 seconds
[2026-03-08T16:16:41.803+0000] {processor.py:161} INFO - Started process (PID=332) to work on /opt/airflow/dags/bank_pipeline.py
[2026-03-08T16:16:41.805+0000] {processor.py:830} INFO - Processing file /opt/airflow/dags/bank_pipeline.py for tasks to queue
[2026-03-08T16:16:41.807+0000] {logging_mixin.py:188} INFO - [2026-03-08T16:16:41.806+0000] {dagbag.py:538} INFO - Filling up the DagBag from /opt/airflow/dags/bank_pipeline.py
[2026-03-08T16:16:41.856+0000] {processor.py:840} INFO - DAG(s) 'bank_pipeline' retrieved from /opt/airflow/dags/bank_pipeline.py
[2026-03-08T16:16:41.899+0000] {logging_mixin.py:188} INFO - [2026-03-08T16:16:41.899+0000] {dag.py:3036} INFO - Sync 1 DAGs
[2026-03-08T16:16:41.928+0000] {logging_mixin.py:188} INFO - [2026-03-08T16:16:41.927+0000] {dag.py:3823} INFO - Setting next_dagrun for bank_pipeline to 2026-03-07 00:00:00+00:00, run_after=2026-03-08 00:00:00+00:00
[2026-03-08T16:16:41.970+0000] {processor.py:183} INFO - Processing /opt/airflow/dags/bank_pipeline.py took 0.173 seconds
[2026-03-08T16:17:12.454+0000] {processor.py:161} INFO - Started process (PID=337) to work on /opt/airflow/dags/bank_pipeline.py
[2026-03-08T16:17:12.456+0000] {processor.py:830} INFO - Processing file /opt/airflow/dags/bank_pipeline.py for tasks to queue
[2026-03-08T16:17:12.459+0000] {logging_mixin.py:188} INFO - [2026-03-08T16:17:12.458+0000] {dagbag.py:538} INFO - Filling up the DagBag from /opt/airflow/dags/bank_pipeline.py
[2026-03-08T16:17:12.515+0000] {processor.py:840} INFO - DAG(s) 'bank_pipeline' retrieved from /opt/airflow/dags/bank_pipeline.py
[2026-03-08T16:17:12.553+0000] {logging_mixin.py:188} INFO - [2026-03-08T16:17:12.553+0000] {dag.py:3036} INFO - Sync 1 DAGs
[2026-03-08T16:17:12.579+0000] {logging_mixin.py:188} INFO - [2026-03-08T16:17:12.578+0000] {dag.py:3823} INFO - Setting next_dagrun for bank_pipeline to 2026-03-07 00:00:00+00:00, run_after=2026-03-08 00:00:00+00:00
[2026-03-08T16:17:12.617+0000] {processor.py:183} INFO - Processing /opt/airflow/dags/bank_pipeline.py took 0.171 seconds
[2026-03-08T16:17:42.940+0000] {processor.py:161} INFO - Started process (PID=342) to work on /opt/airflow/dags/bank_pipeline.py
[2026-03-08T16:17:42.941+0000] {processor.py:830} INFO - Processing file /opt/airflow/dags/bank_pipeline.py for tasks to queue
[2026-03-08T16:17:42.943+0000] {logging_mixin.py:188} INFO - [2026-03-08T16:17:42.943+0000] {dagbag.py:538} INFO - Filling up the DagBag from /opt/airflow/dags/bank_pipeline.py
[2026-03-08T16:17:42.969+0000] {processor.py:840} INFO - DAG(s) 'bank_pipeline' retrieved from /opt/airflow/dags/bank_pipeline.py
[2026-03-08T16:17:43.006+0000] {logging_mixin.py:188} INFO - [2026-03-08T16:17:43.006+0000] {dag.py:3036} INFO - Sync 1 DAGs
[2026-03-08T16:17:43.032+0000] {logging_mixin.py:188} INFO - [2026-03-08T16:17:43.032+0000] {dag.py:3823} INFO - Setting next_dagrun for bank_pipeline to 2026-03-07 00:00:00+00:00, run_after=2026-03-08 00:00:00+00:00
[2026-03-08T16:17:43.060+0000] {processor.py:183} INFO - Processing /opt/airflow/dags/bank_pipeline.py took 0.124 seconds
[2026-03-08T16:18:13.603+0000] {processor.py:161} INFO - Started process (PID=347) to work on /opt/airflow/dags/bank_pipeline.py
[2026-03-08T16:18:13.605+0000] {processor.py:830} INFO - Processing file /opt/airflow/dags/bank_pipeline.py for tasks to queue
[2026-03-08T16:18:13.606+0000] {logging_mixin.py:188} INFO - [2026-03-08T16:18:13.606+0000] {dagbag.py:538} INFO - Filling up the DagBag from /opt/airflow/dags/bank_pipeline.py
[2026-03-08T16:18:13.633+0000] {processor.py:840} INFO - DAG(s) 'bank_pipeline' retrieved from /opt/airflow/dags/bank_pipeline.py
[2026-03-08T16:18:13.676+0000] {logging_mixin.py:188} INFO - [2026-03-08T16:18:13.676+0000] {dag.py:3036} INFO - Sync 1 DAGs
[2026-03-08T16:18:13.717+0000] {logging_mixin.py:188} INFO - [2026-03-08T16:18:13.716+0000] {dag.py:3823} INFO - Setting next_dagrun for bank_pipeline to 2026-03-07 00:00:00+00:00, run_after=2026-03-08 00:00:00+00:00
[2026-03-08T16:18:13.762+0000] {processor.py:183} INFO - Processing /opt/airflow/dags/bank_pipeline.py took 0.162 seconds
[2026-03-08T16:18:44.112+0000] {processor.py:161} INFO - Started process (PID=352) to work on /opt/airflow/dags/bank_pipeline.py
[2026-03-08T16:18:44.114+0000] {processor.py:830} INFO - Processing file /opt/airflow/dags/bank_pipeline.py for tasks to queue
[2026-03-08T16:18:44.115+0000] {logging_mixin.py:188} INFO - [2026-03-08T16:18:44.115+0000] {dagbag.py:538} INFO - Filling up the DagBag from /opt/airflow/dags/bank_pipeline.py
[2026-03-08T16:18:44.143+0000] {processor.py:840} INFO - DAG(s) 'bank_pipeline' retrieved from /opt/airflow/dags/bank_pipeline.py
[2026-03-08T16:18:44.181+0000] {logging_mixin.py:188} INFO - [2026-03-08T16:18:44.181+0000] {dag.py:3036} INFO - Sync 1 DAGs
[2026-03-08T16:18:44.208+0000] {logging_mixin.py:188} INFO - [2026-03-08T16:18:44.208+0000] {dag.py:3823} INFO - Setting next_dagrun for bank_pipeline to 2026-03-07 00:00:00+00:00, run_after=2026-03-08 00:00:00+00:00
[2026-03-08T16:18:44.238+0000] {processor.py:183} INFO - Processing /opt/airflow/dags/bank_pipeline.py took 0.130 seconds
[2026-03-08T16:25:37.446+0000] {processor.py:161} INFO - Started process (PID=358) to work on /opt/airflow/dags/bank_pipeline.py
[2026-03-08T16:25:37.447+0000] {processor.py:830} INFO - Processing file /opt/airflow/dags/bank_pipeline.py for tasks to queue
[2026-03-08T16:25:37.456+0000] {logging_mixin.py:188} INFO - [2026-03-08T16:25:37.455+0000] {dagbag.py:538} INFO - Filling up the DagBag from /opt/airflow/dags/bank_pipeline.py
[2026-03-08T16:25:37.656+0000] {processor.py:840} INFO - DAG(s) 'bank_pipeline' retrieved from /opt/airflow/dags/bank_pipeline.py
[2026-03-08T16:25:37.792+0000] {logging_mixin.py:188} INFO - [2026-03-08T16:25:37.782+0000] {dag.py:3036} INFO - Sync 1 DAGs
[2026-03-08T16:25:37.913+0000] {logging_mixin.py:188} INFO - [2026-03-08T16:25:37.912+0000] {dag.py:3823} INFO - Setting next_dagrun for bank_pipeline to 2026-03-07 00:00:00+00:00, run_after=2026-03-08 00:00:00+00:00
[2026-03-08T16:25:37.995+0000] {processor.py:183} INFO - Processing /opt/airflow/dags/bank_pipeline.py took 0.561 seconds
[2026-03-08T16:26:08.474+0000] {processor.py:161} INFO - Started process (PID=363) to work on /opt/airflow/dags/bank_pipeline.py
[2026-03-08T16:26:08.476+0000] {processor.py:830} INFO - Processing file /opt/airflow/dags/bank_pipeline.py for tasks to queue
[2026-03-08T16:26:08.477+0000] {logging_mixin.py:188} INFO - [2026-03-08T16:26:08.477+0000] {dagbag.py:538} INFO - Filling up the DagBag from /opt/airflow/dags/bank_pipeline.py
[2026-03-08T16:26:08.502+0000] {processor.py:840} INFO - DAG(s) 'bank_pipeline' retrieved from /opt/airflow/dags/bank_pipeline.py
[2026-03-08T16:26:08.544+0000] {logging_mixin.py:188} INFO - [2026-03-08T16:26:08.543+0000] {dag.py:3036} INFO - Sync 1 DAGs
[2026-03-08T16:26:08.573+0000] {logging_mixin.py:188} INFO - [2026-03-08T16:26:08.572+0000] {dag.py:3823} INFO - Setting next_dagrun for bank_pipeline to 2026-03-07 00:00:00+00:00, run_after=2026-03-08 00:00:00+00:00
[2026-03-08T16:26:08.599+0000] {processor.py:183} INFO - Processing /opt/airflow/dags/bank_pipeline.py took 0.129 seconds
[2026-03-08T16:26:38.943+0000] {processor.py:161} INFO - Started process (PID=368) to work on /opt/airflow/dags/bank_pipeline.py
[2026-03-08T16:26:38.944+0000] {processor.py:830} INFO - Processing file /opt/airflow/dags/bank_pipeline.py for tasks to queue
[2026-03-08T16:26:38.946+0000] {logging_mixin.py:188} INFO - [2026-03-08T16:26:38.945+0000] {dagbag.py:538} INFO - Filling up the DagBag from /opt/airflow/dags/bank_pipeline.py
[2026-03-08T16:26:38.970+0000] {processor.py:840} INFO - DAG(s) 'bank_pipeline' retrieved from /opt/airflow/dags/bank_pipeline.py
[2026-03-08T16:26:39.026+0000] {logging_mixin.py:188} INFO - [2026-03-08T16:26:39.026+0000] {dag.py:3036} INFO - Sync 1 DAGs
[2026-03-08T16:26:39.069+0000] {logging_mixin.py:188} INFO - [2026-03-08T16:26:39.069+0000] {dag.py:3823} INFO - Setting next_dagrun for bank_pipeline to 2026-03-07 00:00:00+00:00, run_after=2026-03-08 00:00:00+00:00
[2026-03-08T16:26:39.101+0000] {processor.py:183} INFO - Processing /opt/airflow/dags/bank_pipeline.py took 0.162 seconds
[2026-03-08T16:27:09.392+0000] {processor.py:161} INFO - Started process (PID=373) to work on /opt/airflow/dags/bank_pipeline.py
[2026-03-08T16:27:09.393+0000] {processor.py:830} INFO - Processing file /opt/airflow/dags/bank_pipeline.py for tasks to queue
[2026-03-08T16:27:09.394+0000] {logging_mixin.py:188} INFO - [2026-03-08T16:27:09.394+0000] {dagbag.py:538} INFO - Filling up the DagBag from /opt/airflow/dags/bank_pipeline.py
[2026-03-08T16:27:09.417+0000] {processor.py:840} INFO - DAG(s) 'bank_pipeline' retrieved from /opt/airflow/dags/bank_pipeline.py
[2026-03-08T16:27:09.456+0000] {logging_mixin.py:188} INFO - [2026-03-08T16:27:09.455+0000] {dag.py:3036} INFO - Sync 1 DAGs
[2026-03-08T16:27:09.484+0000] {logging_mixin.py:188} INFO - [2026-03-08T16:27:09.484+0000] {dag.py:3823} INFO - Setting next_dagrun for bank_pipeline to 2026-03-07 00:00:00+00:00, run_after=2026-03-08 00:00:00+00:00
[2026-03-08T16:27:09.510+0000] {processor.py:183} INFO - Processing /opt/airflow/dags/bank_pipeline.py took 0.123 seconds
[2026-03-08T16:27:40.008+0000] {processor.py:161} INFO - Started process (PID=378) to work on /opt/airflow/dags/bank_pipeline.py
[2026-03-08T16:27:40.011+0000] {processor.py:830} INFO - Processing file /opt/airflow/dags/bank_pipeline.py for tasks to queue
[2026-03-08T16:27:40.013+0000] {logging_mixin.py:188} INFO - [2026-03-08T16:27:40.013+0000] {dagbag.py:538} INFO - Filling up the DagBag from /opt/airflow/dags/bank_pipeline.py
[2026-03-08T16:27:40.194+0000] {processor.py:840} INFO - DAG(s) 'bank_pipeline' retrieved from /opt/airflow/dags/bank_pipeline.py
[2026-03-08T16:27:40.289+0000] {logging_mixin.py:188} INFO - [2026-03-08T16:27:40.288+0000] {dag.py:3036} INFO - Sync 1 DAGs
[2026-03-08T16:27:40.360+0000] {logging_mixin.py:188} INFO - [2026-03-08T16:27:40.359+0000] {dag.py:3823} INFO - Setting next_dagrun for bank_pipeline to 2026-03-07 00:00:00+00:00, run_after=2026-03-08 00:00:00+00:00
[2026-03-08T16:27:40.420+0000] {processor.py:183} INFO - Processing /opt/airflow/dags/bank_pipeline.py took 0.421 seconds
[2026-03-08T16:28:10.907+0000] {processor.py:161} INFO - Started process (PID=383) to work on /opt/airflow/dags/bank_pipeline.py
[2026-03-08T16:28:10.909+0000] {processor.py:830} INFO - Processing file /opt/airflow/dags/bank_pipeline.py for tasks to queue
[2026-03-08T16:28:10.911+0000] {logging_mixin.py:188} INFO - [2026-03-08T16:28:10.910+0000] {dagbag.py:538} INFO - Filling up the DagBag from /opt/airflow/dags/bank_pipeline.py
[2026-03-08T16:28:10.936+0000] {processor.py:840} INFO - DAG(s) 'bank_pipeline' retrieved from /opt/airflow/dags/bank_pipeline.py
[2026-03-08T16:28:10.975+0000] {logging_mixin.py:188} INFO - [2026-03-08T16:28:10.975+0000] {dag.py:3036} INFO - Sync 1 DAGs
[2026-03-08T16:28:11.004+0000] {logging_mixin.py:188} INFO - [2026-03-08T16:28:11.004+0000] {dag.py:3823} INFO - Setting next_dagrun for bank_pipeline to 2026-03-07 00:00:00+00:00, run_after=2026-03-08 00:00:00+00:00
[2026-03-08T16:28:11.049+0000] {processor.py:183} INFO - Processing /opt/airflow/dags/bank_pipeline.py took 0.149 seconds
[2026-03-08T16:28:41.361+0000] {processor.py:161} INFO - Started process (PID=388) to work on /opt/airflow/dags/bank_pipeline.py
[2026-03-08T16:28:41.365+0000] {processor.py:830} INFO - Processing file /opt/airflow/dags/bank_pipeline.py for tasks to queue
[2026-03-08T16:28:41.366+0000] {logging_mixin.py:188} INFO - [2026-03-08T16:28:41.366+0000] {dagbag.py:538} INFO - Filling up the DagBag from /opt/airflow/dags/bank_pipeline.py
[2026-03-08T16:28:41.404+0000] {processor.py:840} INFO - DAG(s) 'bank_pipeline' retrieved from /opt/airflow/dags/bank_pipeline.py
[2026-03-08T16:28:41.455+0000] {logging_mixin.py:188} INFO - [2026-03-08T16:28:41.454+0000] {dag.py:3036} INFO - Sync 1 DAGs
[2026-03-08T16:28:41.489+0000] {logging_mixin.py:188} INFO - [2026-03-08T16:28:41.488+0000] {dag.py:3823} INFO - Setting next_dagrun for bank_pipeline to 2026-03-07 00:00:00+00:00, run_after=2026-03-08 00:00:00+00:00
[2026-03-08T16:28:41.522+0000] {processor.py:183} INFO - Processing /opt/airflow/dags/bank_pipeline.py took 0.178 seconds
[2026-03-08T16:29:11.907+0000] {processor.py:161} INFO - Started process (PID=393) to work on /opt/airflow/dags/bank_pipeline.py
[2026-03-08T16:29:11.909+0000] {processor.py:830} INFO - Processing file /opt/airflow/dags/bank_pipeline.py for tasks to queue
[2026-03-08T16:29:11.910+0000] {logging_mixin.py:188} INFO - [2026-03-08T16:29:11.910+0000] {dagbag.py:538} INFO - Filling up the DagBag from /opt/airflow/dags/bank_pipeline.py
[2026-03-08T16:29:11.941+0000] {processor.py:840} INFO - DAG(s) 'bank_pipeline' retrieved from /opt/airflow/dags/bank_pipeline.py
[2026-03-08T16:29:11.989+0000] {logging_mixin.py:188} INFO - [2026-03-08T16:29:11.989+0000] {dag.py:3036} INFO - Sync 1 DAGs
[2026-03-08T16:29:12.022+0000] {logging_mixin.py:188} INFO - [2026-03-08T16:29:12.022+0000] {dag.py:3823} INFO - Setting next_dagrun for bank_pipeline to 2026-03-07 00:00:00+00:00, run_after=2026-03-08 00:00:00+00:00
[2026-03-08T16:29:12.047+0000] {processor.py:183} INFO - Processing /opt/airflow/dags/bank_pipeline.py took 0.147 seconds
[2026-03-08T16:29:42.464+0000] {processor.py:161} INFO - Started process (PID=398) to work on /opt/airflow/dags/bank_pipeline.py
[2026-03-08T16:29:42.466+0000] {processor.py:830} INFO - Processing file /opt/airflow/dags/bank_pipeline.py for tasks to queue
[2026-03-08T16:29:42.467+0000] {logging_mixin.py:188} INFO - [2026-03-08T16:29:42.467+0000] {dagbag.py:538} INFO - Filling up the DagBag from /opt/airflow/dags/bank_pipeline.py
[2026-03-08T16:29:42.495+0000] {processor.py:840} INFO - DAG(s) 'bank_pipeline' retrieved from /opt/airflow/dags/bank_pipeline.py
[2026-03-08T16:29:42.532+0000] {logging_mixin.py:188} INFO - [2026-03-08T16:29:42.531+0000] {dag.py:3036} INFO - Sync 1 DAGs
[2026-03-08T16:29:42.558+0000] {logging_mixin.py:188} INFO - [2026-03-08T16:29:42.558+0000] {dag.py:3823} INFO - Setting next_dagrun for bank_pipeline to 2026-03-07 00:00:00+00:00, run_after=2026-03-08 00:00:00+00:00
[2026-03-08T16:29:42.588+0000] {processor.py:183} INFO - Processing /opt/airflow/dags/bank_pipeline.py took 0.129 seconds
[2026-03-08T16:30:12.826+0000] {processor.py:161} INFO - Started process (PID=403) to work on /opt/airflow/dags/bank_pipeline.py
[2026-03-08T16:30:12.827+0000] {processor.py:830} INFO - Processing file /opt/airflow/dags/bank_pipeline.py for tasks to queue
[2026-03-08T16:30:12.828+0000] {logging_mixin.py:188} INFO - [2026-03-08T16:30:12.828+0000] {dagbag.py:538} INFO - Filling up the DagBag from /opt/airflow/dags/bank_pipeline.py
[2026-03-08T16:30:12.852+0000] {processor.py:840} INFO - DAG(s) 'bank_pipeline' retrieved from /opt/airflow/dags/bank_pipeline.py
[2026-03-08T16:30:12.892+0000] {logging_mixin.py:188} INFO - [2026-03-08T16:30:12.891+0000] {dag.py:3036} INFO - Sync 1 DAGs
[2026-03-08T16:30:12.922+0000] {logging_mixin.py:188} INFO - [2026-03-08T16:30:12.922+0000] {dag.py:3823} INFO - Setting next_dagrun for bank_pipeline to 2026-03-07 00:00:00+00:00, run_after=2026-03-08 00:00:00+00:00
[2026-03-08T16:30:12.950+0000] {processor.py:183} INFO - Processing /opt/airflow/dags/bank_pipeline.py took 0.130 seconds
[2026-03-08T16:30:43.182+0000] {processor.py:161} INFO - Started process (PID=408) to work on /opt/airflow/dags/bank_pipeline.py
[2026-03-08T16:30:43.185+0000] {processor.py:830} INFO - Processing file /opt/airflow/dags/bank_pipeline.py for tasks to queue
[2026-03-08T16:30:43.189+0000] {logging_mixin.py:188} INFO - [2026-03-08T16:30:43.188+0000] {dagbag.py:538} INFO - Filling up the DagBag from /opt/airflow/dags/bank_pipeline.py
[2026-03-08T16:30:43.250+0000] {processor.py:840} INFO - DAG(s) 'bank_pipeline' retrieved from /opt/airflow/dags/bank_pipeline.py
[2026-03-08T16:30:43.308+0000] {logging_mixin.py:188} INFO - [2026-03-08T16:30:43.308+0000] {dag.py:3036} INFO - Sync 1 DAGs
[2026-03-08T16:30:43.335+0000] {logging_mixin.py:188} INFO - [2026-03-08T16:30:43.335+0000] {dag.py:3823} INFO - Setting next_dagrun for bank_pipeline to 2026-03-07 00:00:00+00:00, run_after=2026-03-08 00:00:00+00:00
[2026-03-08T16:30:43.366+0000] {processor.py:183} INFO - Processing /opt/airflow/dags/bank_pipeline.py took 0.194 seconds
[2026-03-08T16:31:13.731+0000] {processor.py:161} INFO - Started process (PID=413) to work on /opt/airflow/dags/bank_pipeline.py
[2026-03-08T16:31:13.735+0000] {processor.py:830} INFO - Processing file /opt/airflow/dags/bank_pipeline.py for tasks to queue
[2026-03-08T16:31:13.738+0000] {logging_mixin.py:188} INFO - [2026-03-08T16:31:13.737+0000] {dagbag.py:538} INFO - Filling up the DagBag from /opt/airflow/dags/bank_pipeline.py
[2026-03-08T16:31:13.774+0000] {processor.py:840} INFO - DAG(s) 'bank_pipeline' retrieved from /opt/airflow/dags/bank_pipeline.py
[2026-03-08T16:31:13.813+0000] {logging_mixin.py:188} INFO - [2026-03-08T16:31:13.812+0000] {dag.py:3036} INFO - Sync 1 DAGs
[2026-03-08T16:31:13.840+0000] {logging_mixin.py:188} INFO - [2026-03-08T16:31:13.840+0000] {dag.py:3823} INFO - Setting next_dagrun for bank_pipeline to 2026-03-07 00:00:00+00:00, run_after=2026-03-08 00:00:00+00:00
[2026-03-08T16:31:13.875+0000] {processor.py:183} INFO - Processing /opt/airflow/dags/bank_pipeline.py took 0.154 seconds
[2026-03-08T16:31:44.218+0000] {processor.py:161} INFO - Started process (PID=418) to work on /opt/airflow/dags/bank_pipeline.py
[2026-03-08T16:31:44.220+0000] {processor.py:830} INFO - Processing file /opt/airflow/dags/bank_pipeline.py for tasks to queue
[2026-03-08T16:31:44.221+0000] {logging_mixin.py:188} INFO - [2026-03-08T16:31:44.221+0000] {dagbag.py:538} INFO - Filling up the DagBag from /opt/airflow/dags/bank_pipeline.py
[2026-03-08T16:31:44.250+0000] {processor.py:840} INFO - DAG(s) 'bank_pipeline' retrieved from /opt/airflow/dags/bank_pipeline.py
[2026-03-08T16:31:44.290+0000] {logging_mixin.py:188} INFO - [2026-03-08T16:31:44.290+0000] {dag.py:3036} INFO - Sync 1 DAGs
[2026-03-08T16:31:44.320+0000] {logging_mixin.py:188} INFO - [2026-03-08T16:31:44.320+0000] {dag.py:3823} INFO - Setting next_dagrun for bank_pipeline to 2026-03-07 00:00:00+00:00, run_after=2026-03-08 00:00:00+00:00
[2026-03-08T16:31:44.346+0000] {processor.py:183} INFO - Processing /opt/airflow/dags/bank_pipeline.py took 0.134 seconds
[2026-03-08T16:32:14.788+0000] {processor.py:161} INFO - Started process (PID=423) to work on /opt/airflow/dags/bank_pipeline.py
[2026-03-08T16:32:14.789+0000] {processor.py:830} INFO - Processing file /opt/airflow/dags/bank_pipeline.py for tasks to queue
[2026-03-08T16:32:14.791+0000] {logging_mixin.py:188} INFO - [2026-03-08T16:32:14.791+0000] {dagbag.py:538} INFO - Filling up the DagBag from /opt/airflow/dags/bank_pipeline.py
[2026-03-08T16:32:14.820+0000] {processor.py:840} INFO - DAG(s) 'bank_pipeline' retrieved from /opt/airflow/dags/bank_pipeline.py
[2026-03-08T16:32:14.877+0000] {logging_mixin.py:188} INFO - [2026-03-08T16:32:14.876+0000] {dag.py:3036} INFO - Sync 1 DAGs
[2026-03-08T16:32:14.909+0000] {logging_mixin.py:188} INFO - [2026-03-08T16:32:14.909+0000] {dag.py:3823} INFO - Setting next_dagrun for bank_pipeline to 2026-03-07 00:00:00+00:00, run_after=2026-03-08 00:00:00+00:00
[2026-03-08T16:32:14.943+0000] {processor.py:183} INFO - Processing /opt/airflow/dags/bank_pipeline.py took 0.158 seconds
[2026-03-08T16:32:45.012+0000] {processor.py:161} INFO - Started process (PID=428) to work on /opt/airflow/dags/bank_pipeline.py
[2026-03-08T16:32:45.014+0000] {processor.py:830} INFO - Processing file /opt/airflow/dags/bank_pipeline.py for tasks to queue
[2026-03-08T16:32:45.017+0000] {logging_mixin.py:188} INFO - [2026-03-08T16:32:45.016+0000] {dagbag.py:538} INFO - Filling up the DagBag from /opt/airflow/dags/bank_pipeline.py
[2026-03-08T16:32:45.043+0000] {processor.py:840} INFO - DAG(s) 'bank_pipeline' retrieved from /opt/airflow/dags/bank_pipeline.py
[2026-03-08T16:32:45.084+0000] {logging_mixin.py:188} INFO - [2026-03-08T16:32:45.083+0000] {dag.py:3036} INFO - Sync 1 DAGs
[2026-03-08T16:32:45.112+0000] {logging_mixin.py:188} INFO - [2026-03-08T16:32:45.112+0000] {dag.py:3823} INFO - Setting next_dagrun for bank_pipeline to 2026-03-07 00:00:00+00:00, run_after=2026-03-08 00:00:00+00:00
[2026-03-08T16:32:45.137+0000] {processor.py:183} INFO - Processing /opt/airflow/dags/bank_pipeline.py took 0.130 seconds
[2026-03-08T16:33:03.249+0000] {processor.py:161} INFO - Started process (PID=433) to work on /opt/airflow/dags/bank_pipeline.py
[2026-03-08T16:33:03.250+0000] {processor.py:830} INFO - Processing file /opt/airflow/dags/bank_pipeline.py for tasks to queue
[2026-03-08T16:33:03.251+0000] {logging_mixin.py:188} INFO - [2026-03-08T16:33:03.251+0000] {dagbag.py:538} INFO - Filling up the DagBag from /opt/airflow/dags/bank_pipeline.py
[2026-03-08T16:33:03.284+0000] {processor.py:840} INFO - DAG(s) 'bank_pipeline' retrieved from /opt/airflow/dags/bank_pipeline.py
[2026-03-08T16:33:03.320+0000] {logging_mixin.py:188} INFO - [2026-03-08T16:33:03.319+0000] {dag.py:3036} INFO - Sync 1 DAGs
[2026-03-08T16:33:03.346+0000] {logging_mixin.py:188} INFO - [2026-03-08T16:33:03.346+0000] {dag.py:3823} INFO - Setting next_dagrun for bank_pipeline to 2026-03-07 00:00:00+00:00, run_after=2026-03-08 00:00:00+00:00
[2026-03-08T16:33:03.399+0000] {processor.py:183} INFO - Processing /opt/airflow/dags/bank_pipeline.py took 0.154 seconds
[2026-03-08T16:33:33.782+0000] {processor.py:161} INFO - Started process (PID=438) to work on /opt/airflow/dags/bank_pipeline.py
[2026-03-08T16:33:33.784+0000] {processor.py:830} INFO - Processing file /opt/airflow/dags/bank_pipeline.py for tasks to queue
[2026-03-08T16:33:33.785+0000] {logging_mixin.py:188} INFO - [2026-03-08T16:33:33.785+0000] {dagbag.py:538} INFO - Filling up the DagBag from /opt/airflow/dags/bank_pipeline.py
[2026-03-08T16:33:33.809+0000] {processor.py:840} INFO - DAG(s) 'bank_pipeline' retrieved from /opt/airflow/dags/bank_pipeline.py
[2026-03-08T16:33:33.844+0000] {logging_mixin.py:188} INFO - [2026-03-08T16:33:33.844+0000] {dag.py:3036} INFO - Sync 1 DAGs
[2026-03-08T16:33:33.872+0000] {logging_mixin.py:188} INFO - [2026-03-08T16:33:33.871+0000] {dag.py:3823} INFO - Setting next_dagrun for bank_pipeline to 2026-03-07 00:00:00+00:00, run_after=2026-03-08 00:00:00+00:00
[2026-03-08T16:33:33.903+0000] {processor.py:183} INFO - Processing /opt/airflow/dags/bank_pipeline.py took 0.124 seconds
[2026-03-08T16:33:47.950+0000] {processor.py:161} INFO - Started process (PID=167) to work on /opt/airflow/dags/bank_pipeline.py
[2026-03-08T16:33:47.951+0000] {processor.py:830} INFO - Processing file /opt/airflow/dags/bank_pipeline.py for tasks to queue
[2026-03-08T16:33:47.952+0000] {logging_mixin.py:188} INFO - [2026-03-08T16:33:47.952+0000] {dagbag.py:538} INFO - Filling up the DagBag from /opt/airflow/dags/bank_pipeline.py
[2026-03-08T16:33:47.979+0000] {processor.py:840} INFO - DAG(s) 'bank_pipeline' retrieved from /opt/airflow/dags/bank_pipeline.py
[2026-03-08T16:33:48.030+0000] {logging_mixin.py:188} INFO - [2026-03-08T16:33:48.030+0000] {dag.py:3036} INFO - Sync 1 DAGs
[2026-03-08T16:33:48.057+0000] {logging_mixin.py:188} INFO - [2026-03-08T16:33:48.056+0000] {dag.py:3823} INFO - Setting next_dagrun for bank_pipeline to 2026-03-07 00:00:00+00:00, run_after=2026-03-08 00:00:00+00:00
[2026-03-08T16:33:48.087+0000] {processor.py:183} INFO - Processing /opt/airflow/dags/bank_pipeline.py took 0.140 seconds
[2026-03-08T16:34:18.387+0000] {processor.py:161} INFO - Started process (PID=172) to work on /opt/airflow/dags/bank_pipeline.py
[2026-03-08T16:34:18.389+0000] {processor.py:830} INFO - Processing file /opt/airflow/dags/bank_pipeline.py for tasks to queue
[2026-03-08T16:34:18.390+0000] {logging_mixin.py:188} INFO - [2026-03-08T16:34:18.390+0000] {dagbag.py:538} INFO - Filling up the DagBag from /opt/airflow/dags/bank_pipeline.py
[2026-03-08T16:34:18.413+0000] {processor.py:840} INFO - DAG(s) 'bank_pipeline' retrieved from /opt/airflow/dags/bank_pipeline.py
[2026-03-08T16:34:18.458+0000] {logging_mixin.py:188} INFO - [2026-03-08T16:34:18.457+0000] {dag.py:3036} INFO - Sync 1 DAGs
[2026-03-08T16:34:18.487+0000] {logging_mixin.py:188} INFO - [2026-03-08T16:34:18.487+0000] {dag.py:3823} INFO - Setting next_dagrun for bank_pipeline to 2026-03-07 00:00:00+00:00, run_after=2026-03-08 00:00:00+00:00
[2026-03-08T16:34:18.531+0000] {processor.py:183} INFO - Processing /opt/airflow/dags/bank_pipeline.py took 0.148 seconds
[2026-03-08T16:34:48.884+0000] {processor.py:161} INFO - Started process (PID=177) to work on /opt/airflow/dags/bank_pipeline.py
[2026-03-08T16:34:48.887+0000] {processor.py:830} INFO - Processing file /opt/airflow/dags/bank_pipeline.py for tasks to queue
[2026-03-08T16:34:48.892+0000] {logging_mixin.py:188} INFO - [2026-03-08T16:34:48.890+0000] {dagbag.py:538} INFO - Filling up the DagBag from /opt/airflow/dags/bank_pipeline.py
[2026-03-08T16:34:48.950+0000] {processor.py:840} INFO - DAG(s) 'bank_pipeline' retrieved from /opt/airflow/dags/bank_pipeline.py
[2026-03-08T16:34:49.021+0000] {logging_mixin.py:188} INFO - [2026-03-08T16:34:49.021+0000] {dag.py:3036} INFO - Sync 1 DAGs
[2026-03-08T16:34:49.054+0000] {logging_mixin.py:188} INFO - [2026-03-08T16:34:49.054+0000] {dag.py:3823} INFO - Setting next_dagrun for bank_pipeline to 2026-03-07 00:00:00+00:00, run_after=2026-03-08 00:00:00+00:00
[2026-03-08T16:34:49.093+0000] {processor.py:183} INFO - Processing /opt/airflow/dags/bank_pipeline.py took 0.218 seconds
[2026-03-08T16:35:19.346+0000] {processor.py:161} INFO - Started process (PID=182) to work on /opt/airflow/dags/bank_pipeline.py
[2026-03-08T16:35:19.347+0000] {processor.py:830} INFO - Processing file /opt/airflow/dags/bank_pipeline.py for tasks to queue
[2026-03-08T16:35:19.349+0000] {logging_mixin.py:188} INFO - [2026-03-08T16:35:19.348+0000] {dagbag.py:538} INFO - Filling up the DagBag from /opt/airflow/dags/bank_pipeline.py
[2026-03-08T16:35:19.372+0000] {processor.py:840} INFO - DAG(s) 'bank_pipeline' retrieved from /opt/airflow/dags/bank_pipeline.py
[2026-03-08T16:35:19.412+0000] {logging_mixin.py:188} INFO - [2026-03-08T16:35:19.412+0000] {dag.py:3036} INFO - Sync 1 DAGs
[2026-03-08T16:35:19.440+0000] {logging_mixin.py:188} INFO - [2026-03-08T16:35:19.440+0000] {dag.py:3823} INFO - Setting next_dagrun for bank_pipeline to 2026-03-07 00:00:00+00:00, run_after=2026-03-08 00:00:00+00:00
[2026-03-08T16:35:19.468+0000] {processor.py:183} INFO - Processing /opt/airflow/dags/bank_pipeline.py took 0.127 seconds
[2026-03-08T16:35:49.909+0000] {processor.py:161} INFO - Started process (PID=187) to work on /opt/airflow/dags/bank_pipeline.py
[2026-03-08T16:35:49.910+0000] {processor.py:830} INFO - Processing file /opt/airflow/dags/bank_pipeline.py for tasks to queue
[2026-03-08T16:35:49.912+0000] {logging_mixin.py:188} INFO - [2026-03-08T16:35:49.911+0000] {dagbag.py:538} INFO - Filling up the DagBag from /opt/airflow/dags/bank_pipeline.py
[2026-03-08T16:35:49.943+0000] {processor.py:840} INFO - DAG(s) 'bank_pipeline' retrieved from /opt/airflow/dags/bank_pipeline.py
[2026-03-08T16:35:49.987+0000] {logging_mixin.py:188} INFO - [2026-03-08T16:35:49.986+0000] {dag.py:3036} INFO - Sync 1 DAGs
[2026-03-08T16:35:50.024+0000] {logging_mixin.py:188} INFO - [2026-03-08T16:35:50.023+0000] {dag.py:3823} INFO - Setting next_dagrun for bank_pipeline to 2026-03-07 00:00:00+00:00, run_after=2026-03-08 00:00:00+00:00
[2026-03-08T16:35:50.067+0000] {processor.py:183} INFO - Processing /opt/airflow/dags/bank_pipeline.py took 0.164 seconds
